[ 2016-09-04T00:45:44+08:00 ] ::1 /ThinkCMFX/index.php?g=user&m=index&a=is_login
INFO: [ app_begin ] --START--
INFO: Run Behavior\ReadHtmlCacheBehavior [ RunTime:0.000670s ]
INFO: Run Behavior\CheckLangBehavior [ RunTime:0.000575s ]
INFO: [ app_begin ] --END-- [ RunTime:0.001665s ]
NOTIC: [8] Undefined index: url /Applications/MAMP/htdocs/ThinkCMFX/application/Common/Controller/AppframeController.class.php 第 24 行.

[ 2016-09-04T00:51:51+08:00 ] ::1 /ThinkCMFX/index.php?g=user&m=index&a=is_login
INFO: [ app_begin ] --START--
INFO: Run Behavior\ReadHtmlCacheBehavior [ RunTime:0.001077s ]
INFO: Run Behavior\CheckLangBehavior [ RunTime:0.000652s ]
INFO: [ app_begin ] --END-- [ RunTime:0.003016s ]
NOTIC: [8] Undefined index: url /Applications/MAMP/htdocs/ThinkCMFX/application/Common/Controller/AppframeController.class.php 第 24 行.

[ 2016-09-04T00:54:26+08:00 ] ::1 /ThinkCMFX/index.php?g=user&m=index&a=is_login
INFO: [ app_begin ] --START--
INFO: Run Behavior\ReadHtmlCacheBehavior [ RunTime:0.000851s ]
INFO: Run Behavior\CheckLangBehavior [ RunTime:0.000909s ]
INFO: [ app_begin ] --END-- [ RunTime:0.002539s ]
NOTIC: [8] Undefined index: url /Applications/MAMP/htdocs/ThinkCMFX/application/Common/Controller/AppframeController.class.php 第 24 行.

[ 2016-09-04T00:57:24+08:00 ] ::1 /ThinkCMFX/index.php?g=user&m=index&a=is_login
INFO: [ app_begin ] --START--
INFO: Run Behavior\ReadHtmlCacheBehavior [ RunTime:0.000978s ]
INFO: Run Behavior\CheckLangBehavior [ RunTime:0.001645s ]
INFO: [ app_begin ] --END-- [ RunTime:0.003829s ]
NOTIC: [8] Undefined index: url /Applications/MAMP/htdocs/ThinkCMFX/application/Common/Controller/AppframeController.class.php 第 24 行.

[ 2016-09-04T01:00:27+08:00 ] ::1 /ThinkCMFX/index.php?g=user&m=index&a=is_login
INFO: [ app_begin ] --START--
INFO: Run Behavior\ReadHtmlCacheBehavior [ RunTime:0.000574s ]
INFO: Run Behavior\CheckLangBehavior [ RunTime:0.000677s ]
INFO: [ app_begin ] --END-- [ RunTime:0.001745s ]
NOTIC: [8] Undefined index: url /Applications/MAMP/htdocs/ThinkCMFX/application/Common/Controller/AppframeController.class.php 第 24 行.

[ 2016-09-04T01:02:52+08:00 ] ::1 /ThinkCMFX/index.php?g=user&m=index&a=is_login
INFO: [ app_begin ] --START--
INFO: Run Behavior\ReadHtmlCacheBehavior [ RunTime:0.002276s ]
INFO: Run Behavior\CheckLangBehavior [ RunTime:0.001561s ]
INFO: [ app_begin ] --END-- [ RunTime:0.005519s ]
NOTIC: [8] Undefined index: url /Applications/MAMP/htdocs/ThinkCMFX/application/Common/Controller/AppframeController.class.php 第 24 行.

[ 2016-09-04T01:05:55+08:00 ] ::1 /ThinkCMFX/index.php?g=user&m=index&a=is_login
INFO: [ app_begin ] --START--
INFO: Run Behavior\ReadHtmlCacheBehavior [ RunTime:0.001075s ]
INFO: Run Behavior\CheckLangBehavior [ RunTime:0.001476s ]
INFO: [ app_begin ] --END-- [ RunTime:0.003517s ]
NOTIC: [8] Undefined index: url /Applications/MAMP/htdocs/ThinkCMFX/application/Common/Controller/AppframeController.class.php 第 24 行.

[ 2016-09-04T01:06:36+08:00 ] ::1 /ThinkCMFX/index.php?g=user&m=index&a=is_login
INFO: [ app_begin ] --START--
INFO: Run Behavior\ReadHtmlCacheBehavior [ RunTime:0.000556s ]
INFO: Run Behavior\CheckLangBehavior [ RunTime:0.000511s ]
INFO: [ app_begin ] --END-- [ RunTime:0.001536s ]
NOTIC: [8] Undefined index: url /Applications/MAMP/htdocs/ThinkCMFX/application/Common/Controller/AppframeController.class.php 第 24 行.

[ 2016-09-04T01:09:28+08:00 ] ::1 /ThinkCMFX/index.php?g=user&m=index&a=is_login
INFO: [ app_begin ] --START--
INFO: Run Behavior\ReadHtmlCacheBehavior [ RunTime:0.001440s ]
INFO: Run Behavior\CheckLangBehavior [ RunTime:0.001120s ]
INFO: [ app_begin ] --END-- [ RunTime:0.004661s ]
NOTIC: [8] Undefined index: url /Applications/MAMP/htdocs/ThinkCMFX/application/Common/Controller/AppframeController.class.php 第 24 行.

[ 2016-09-04T01:11:21+08:00 ] ::1 /ThinkCMFX/index.php?g=user&m=index&a=is_login
INFO: [ app_begin ] --START--
INFO: Run Behavior\ReadHtmlCacheBehavior [ RunTime:0.001407s ]
INFO: Run Behavior\CheckLangBehavior [ RunTime:0.000764s ]
INFO: [ app_begin ] --END-- [ RunTime:0.002874s ]
NOTIC: [8] Undefined index: url /Applications/MAMP/htdocs/ThinkCMFX/application/Common/Controller/AppframeController.class.php 第 24 行.

[ 2016-09-04T01:13:00+08:00 ] ::1 /ThinkCMFX/index.php?g=user&m=index&a=is_login
INFO: [ app_begin ] --START--
INFO: Run Behavior\ReadHtmlCacheBehavior [ RunTime:0.000933s ]
INFO: Run Behavior\CheckLangBehavior [ RunTime:0.000823s ]
INFO: [ app_begin ] --END-- [ RunTime:0.002513s ]
NOTIC: [8] Undefined index: url /Applications/MAMP/htdocs/ThinkCMFX/application/Common/Controller/AppframeController.class.php 第 24 行.

[ 2016-09-04T01:14:41+08:00 ] ::1 /ThinkCMFX/index.php?g=user&m=index&a=is_login
INFO: [ app_begin ] --START--
INFO: Run Behavior\ReadHtmlCacheBehavior [ RunTime:0.000840s ]
INFO: Run Behavior\CheckLangBehavior [ RunTime:0.001049s ]
INFO: [ app_begin ] --END-- [ RunTime:0.003132s ]
NOTIC: [8] Undefined index: url /Applications/MAMP/htdocs/ThinkCMFX/application/Common/Controller/AppframeController.class.php 第 24 行.

[ 2016-09-04T01:14:47+08:00 ] ::1 /ThinkCMFX/index.php?g=user&m=index&a=is_login
INFO: [ app_begin ] --START--
INFO: Run Behavior\ReadHtmlCacheBehavior [ RunTime:0.000785s ]
INFO: Run Behavior\CheckLangBehavior [ RunTime:0.000635s ]
INFO: [ app_begin ] --END-- [ RunTime:0.001913s ]
NOTIC: [8] Undefined index: url /Applications/MAMP/htdocs/ThinkCMFX/application/Common/Controller/AppframeController.class.php 第 24 行.

[ 2016-09-04T01:14:50+08:00 ] ::1 /ThinkCMFX/index.php?g=user&m=index&a=is_login
INFO: [ app_begin ] --START--
INFO: Run Behavior\ReadHtmlCacheBehavior [ RunTime:0.000648s ]
INFO: Run Behavior\CheckLangBehavior [ RunTime:0.000618s ]
INFO: [ app_begin ] --END-- [ RunTime:0.001786s ]
NOTIC: [8] Undefined index: url /Applications/MAMP/htdocs/ThinkCMFX/application/Common/Controller/AppframeController.class.php 第 24 行.

[ 2016-09-04T01:14:51+08:00 ] ::1 /ThinkCMFX/index.php?g=user&m=index&a=is_login
INFO: [ app_begin ] --START--
INFO: Run Behavior\ReadHtmlCacheBehavior [ RunTime:0.000833s ]
INFO: Run Behavior\CheckLangBehavior [ RunTime:0.000881s ]
INFO: [ app_begin ] --END-- [ RunTime:0.002422s ]
NOTIC: [8] Undefined index: url /Applications/MAMP/htdocs/ThinkCMFX/application/Common/Controller/AppframeController.class.php 第 24 行.

[ 2016-09-04T01:14:54+08:00 ] ::1 /ThinkCMFX/index.php?g=user&m=index&a=is_login
INFO: [ app_begin ] --START--
INFO: Run Behavior\ReadHtmlCacheBehavior [ RunTime:0.000780s ]
INFO: Run Behavior\CheckLangBehavior [ RunTime:0.000711s ]
INFO: [ app_begin ] --END-- [ RunTime:0.002012s ]
NOTIC: [8] Undefined index: url /Applications/MAMP/htdocs/ThinkCMFX/application/Common/Controller/AppframeController.class.php 第 24 行.

[ 2016-09-04T01:14:58+08:00 ] ::1 /ThinkCMFX/index.php?g=user&m=index&a=is_login
INFO: [ app_begin ] --START--
INFO: Run Behavior\ReadHtmlCacheBehavior [ RunTime:0.000955s ]
INFO: Run Behavior\CheckLangBehavior [ RunTime:0.000762s ]
INFO: [ app_begin ] --END-- [ RunTime:0.002717s ]
NOTIC: [8] Undefined index: url /Applications/MAMP/htdocs/ThinkCMFX/application/Common/Controller/AppframeController.class.php 第 24 行.

[ 2016-09-04T01:17:45+08:00 ] ::1 /ThinkCMFX/index.php?g=user&m=index&a=is_login
INFO: [ app_begin ] --START--
INFO: Run Behavior\ReadHtmlCacheBehavior [ RunTime:0.000601s ]
INFO: Run Behavior\CheckLangBehavior [ RunTime:0.000584s ]
INFO: [ app_begin ] --END-- [ RunTime:0.001860s ]
NOTIC: [8] Undefined index: url /Applications/MAMP/htdocs/ThinkCMFX/application/Common/Controller/AppframeController.class.php 第 24 行.

[ 2016-09-04T01:19:25+08:00 ] ::1 /ThinkCMFX/index.php?g=user&m=index&a=is_login
INFO: [ app_begin ] --START--
INFO: Run Behavior\ReadHtmlCacheBehavior [ RunTime:0.000495s ]
INFO: Run Behavior\CheckLangBehavior [ RunTime:0.000580s ]
INFO: [ app_begin ] --END-- [ RunTime:0.001521s ]
NOTIC: [8] Undefined index: url /Applications/MAMP/htdocs/ThinkCMFX/application/Common/Controller/AppframeController.class.php 第 24 行.

[ 2016-09-04T01:19:31+08:00 ] ::1 /ThinkCMFX/index.php?g=user&m=index&a=is_login
INFO: [ app_begin ] --START--
INFO: Run Behavior\ReadHtmlCacheBehavior [ RunTime:0.000772s ]
INFO: Run Behavior\CheckLangBehavior [ RunTime:0.000708s ]
INFO: [ app_begin ] --END-- [ RunTime:0.002177s ]
NOTIC: [8] Undefined index: url /Applications/MAMP/htdocs/ThinkCMFX/application/Common/Controller/AppframeController.class.php 第 24 行.

[ 2016-09-04T01:19:35+08:00 ] ::1 /ThinkCMFX/index.php?g=user&m=index&a=is_login
INFO: [ app_begin ] --START--
INFO: Run Behavior\ReadHtmlCacheBehavior [ RunTime:0.000775s ]
INFO: Run Behavior\CheckLangBehavior [ RunTime:0.000673s ]
INFO: [ app_begin ] --END-- [ RunTime:0.002131s ]
NOTIC: [8] Undefined index: url /Applications/MAMP/htdocs/ThinkCMFX/application/Common/Controller/AppframeController.class.php 第 24 行.

[ 2016-09-04T01:19:59+08:00 ] ::1 /ThinkCMFX/index.php?g=user&m=index&a=is_login
INFO: [ app_begin ] --START--
INFO: Run Behavior\ReadHtmlCacheBehavior [ RunTime:0.000635s ]
INFO: Run Behavior\CheckLangBehavior [ RunTime:0.000583s ]
INFO: [ app_begin ] --END-- [ RunTime:0.001713s ]
NOTIC: [8] Undefined index: url /Applications/MAMP/htdocs/ThinkCMFX/application/Common/Controller/AppframeController.class.php 第 24 行.

[ 2016-09-04T01:20:07+08:00 ] ::1 /ThinkCMFX/index.php?g=user&m=index&a=is_login
INFO: [ app_begin ] --START--
INFO: Run Behavior\ReadHtmlCacheBehavior [ RunTime:0.001200s ]
INFO: Run Behavior\CheckLangBehavior [ RunTime:0.001277s ]
INFO: [ app_begin ] --END-- [ RunTime:0.003743s ]
NOTIC: [8] Undefined index: url /Applications/MAMP/htdocs/ThinkCMFX/application/Common/Controller/AppframeController.class.php 第 24 行.

[ 2016-09-04T01:24:00+08:00 ] ::1 /ThinkCMFX/index.php?g=user&m=index&a=is_login
INFO: [ app_begin ] --START--
INFO: Run Behavior\ReadHtmlCacheBehavior [ RunTime:0.001009s ]
INFO: Run Behavior\CheckLangBehavior [ RunTime:0.001182s ]
INFO: [ app_begin ] --END-- [ RunTime:0.002933s ]
NOTIC: [8] Undefined index: url /Applications/MAMP/htdocs/ThinkCMFX/application/Common/Controller/AppframeController.class.php 第 24 行.

[ 2016-09-04T01:25:32+08:00 ] ::1 /ThinkCMFX/index.php?g=user&m=index&a=is_login
INFO: [ app_begin ] --START--
INFO: Run Behavior\ReadHtmlCacheBehavior [ RunTime:0.002796s ]
INFO: Run Behavior\CheckLangBehavior [ RunTime:0.001197s ]
INFO: [ app_begin ] --END-- [ RunTime:0.005653s ]
NOTIC: [8] Undefined index: url /Applications/MAMP/htdocs/ThinkCMFX/application/Common/Controller/AppframeController.class.php 第 24 行.

[ 2016-09-04T01:25:44+08:00 ] ::1 /ThinkCMFX/index.php?g=user&m=index&a=is_login
INFO: [ app_begin ] --START--
INFO: Run Behavior\ReadHtmlCacheBehavior [ RunTime:0.000583s ]
INFO: Run Behavior\CheckLangBehavior [ RunTime:0.000574s ]
INFO: [ app_begin ] --END-- [ RunTime:0.001719s ]
NOTIC: [8] Undefined index: url /Applications/MAMP/htdocs/ThinkCMFX/application/Common/Controller/AppframeController.class.php 第 24 行.

[ 2016-09-04T01:26:11+08:00 ] ::1 /ThinkCMFX/index.php?g=user&m=index&a=is_login
INFO: [ app_begin ] --START--
INFO: Run Behavior\ReadHtmlCacheBehavior [ RunTime:0.000923s ]
INFO: Run Behavior\CheckLangBehavior [ RunTime:0.000959s ]
INFO: [ app_begin ] --END-- [ RunTime:0.002689s ]
NOTIC: [8] Undefined index: url /Applications/MAMP/htdocs/ThinkCMFX/application/Common/Controller/AppframeController.class.php 第 24 行.

[ 2016-09-04T01:26:41+08:00 ] ::1 /ThinkCMFX/index.php?g=user&m=index&a=is_login
INFO: [ app_begin ] --START--
INFO: Run Behavior\ReadHtmlCacheBehavior [ RunTime:0.000588s ]
INFO: Run Behavior\CheckLangBehavior [ RunTime:0.000541s ]
INFO: [ app_begin ] --END-- [ RunTime:0.001653s ]
NOTIC: [8] Undefined index: url /Applications/MAMP/htdocs/ThinkCMFX/application/Common/Controller/AppframeController.class.php 第 24 行.

[ 2016-09-04T01:27:23+08:00 ] ::1 /ThinkCMFX/index.php?g=user&m=index&a=is_login
INFO: [ app_begin ] --START--
INFO: Run Behavior\ReadHtmlCacheBehavior [ RunTime:0.000778s ]
INFO: Run Behavior\CheckLangBehavior [ RunTime:0.001024s ]
INFO: [ app_begin ] --END-- [ RunTime:0.002476s ]
NOTIC: [8] Undefined index: url /Applications/MAMP/htdocs/ThinkCMFX/application/Common/Controller/AppframeController.class.php 第 24 行.

[ 2016-09-04T01:28:20+08:00 ] ::1 /ThinkCMFX/index.php?g=user&m=index&a=is_login
INFO: [ app_begin ] --START--
INFO: Run Behavior\ReadHtmlCacheBehavior [ RunTime:0.000561s ]
INFO: Run Behavior\CheckLangBehavior [ RunTime:0.000630s ]
INFO: [ app_begin ] --END-- [ RunTime:0.001670s ]
NOTIC: [8] Undefined index: url /Applications/MAMP/htdocs/ThinkCMFX/application/Common/Controller/AppframeController.class.php 第 24 行.

[ 2016-09-04T01:31:01+08:00 ] ::1 /ThinkCMFX/index.php?g=user&m=index&a=is_login
INFO: [ app_begin ] --START--
INFO: Run Behavior\ReadHtmlCacheBehavior [ RunTime:0.000558s ]
INFO: Run Behavior\CheckLangBehavior [ RunTime:0.000553s ]
INFO: [ app_begin ] --END-- [ RunTime:0.001560s ]
NOTIC: [8] Undefined index: url /Applications/MAMP/htdocs/ThinkCMFX/application/Common/Controller/AppframeController.class.php 第 24 行.

[ 2016-09-04T01:31:13+08:00 ] ::1 /ThinkCMFX/index.php?g=user&m=index&a=is_login
INFO: [ app_begin ] --START--
INFO: Run Behavior\ReadHtmlCacheBehavior [ RunTime:0.001806s ]
INFO: Run Behavior\CheckLangBehavior [ RunTime:0.002085s ]
INFO: [ app_begin ] --END-- [ RunTime:0.005412s ]
NOTIC: [8] Undefined index: url /Applications/MAMP/htdocs/ThinkCMFX/application/Common/Controller/AppframeController.class.php 第 24 行.

[ 2016-09-04T01:39:56+08:00 ] ::1 /ThinkCMFX/index.php?g=user&m=index&a=is_login
INFO: [ app_begin ] --START--
INFO: Run Behavior\ReadHtmlCacheBehavior [ RunTime:0.001364s ]
INFO: Run Behavior\CheckLangBehavior [ RunTime:0.000999s ]
INFO: [ app_begin ] --END-- [ RunTime:0.003305s ]
NOTIC: [8] Undefined index: url /Applications/MAMP/htdocs/ThinkCMFX/application/Common/Controller/AppframeController.class.php 第 24 行.

[ 2016-09-04T01:40:45+08:00 ] ::1 /ThinkCMFX/index.php?g=user&m=index&a=is_login
INFO: [ app_begin ] --START--
INFO: Run Behavior\ReadHtmlCacheBehavior [ RunTime:0.001330s ]
INFO: Run Behavior\CheckLangBehavior [ RunTime:0.009963s ]
INFO: [ app_begin ] --END-- [ RunTime:0.013821s ]
NOTIC: [8] Undefined index: url /Applications/MAMP/htdocs/ThinkCMFX/application/Common/Controller/AppframeController.class.php 第 24 行.

[ 2016-09-04T01:40:51+08:00 ] ::1 /ThinkCMFX/index.php?g=user&m=index&a=is_login
INFO: [ app_begin ] --START--
INFO: Run Behavior\ReadHtmlCacheBehavior [ RunTime:0.000898s ]
INFO: Run Behavior\CheckLangBehavior [ RunTime:0.000890s ]
INFO: [ app_begin ] --END-- [ RunTime:0.002451s ]
NOTIC: [8] Undefined index: url /Applications/MAMP/htdocs/ThinkCMFX/application/Common/Controller/AppframeController.class.php 第 24 行.

[ 2016-09-04T01:44:52+08:00 ] ::1 /ThinkCMFX/index.php?g=user&m=index&a=is_login
INFO: [ app_begin ] --START--
INFO: Run Behavior\ReadHtmlCacheBehavior [ RunTime:0.000587s ]
INFO: Run Behavior\CheckLangBehavior [ RunTime:0.000777s ]
INFO: [ app_begin ] --END-- [ RunTime:0.001973s ]
NOTIC: [8] Undefined index: url /Applications/MAMP/htdocs/ThinkCMFX/application/Common/Controller/AppframeController.class.php 第 24 行.

[ 2016-09-04T01:45:24+08:00 ] ::1 /ThinkCMFX/index.php?g=user&m=index&a=is_login
INFO: [ app_begin ] --START--
INFO: Run Behavior\ReadHtmlCacheBehavior [ RunTime:0.001102s ]
INFO: Run Behavior\CheckLangBehavior [ RunTime:0.001158s ]
INFO: [ app_begin ] --END-- [ RunTime:0.003602s ]
NOTIC: [8] Undefined index: url /Applications/MAMP/htdocs/ThinkCMFX/application/Common/Controller/AppframeController.class.php 第 24 行.

[ 2016-09-04T01:55:21+08:00 ] ::1 /ThinkCMFX/index.php?g=user&m=index&a=is_login
INFO: [ app_begin ] --START--
INFO: Run Behavior\ReadHtmlCacheBehavior [ RunTime:0.008528s ]
INFO: Run Behavior\CheckLangBehavior [ RunTime:0.001045s ]
INFO: [ app_begin ] --END-- [ RunTime:0.011713s ]
NOTIC: [8] Undefined index: url /Applications/MAMP/htdocs/ThinkCMFX/application/Common/Controller/AppframeController.class.php 第 24 行.

[ 2016-09-04T01:55:33+08:00 ] ::1 /ThinkCMFX/index.php?g=user&m=index&a=is_login
INFO: [ app_begin ] --START--
INFO: Run Behavior\ReadHtmlCacheBehavior [ RunTime:0.001528s ]
INFO: Run Behavior\CheckLangBehavior [ RunTime:0.001551s ]
INFO: [ app_begin ] --END-- [ RunTime:0.004524s ]
NOTIC: [8] Undefined index: url /Applications/MAMP/htdocs/ThinkCMFX/application/Common/Controller/AppframeController.class.php 第 24 行.

[ 2016-09-04T01:56:17+08:00 ] ::1 /ThinkCMFX/index.php?g=user&m=index&a=is_login
INFO: [ app_begin ] --START--
INFO: Run Behavior\ReadHtmlCacheBehavior [ RunTime:0.001038s ]
INFO: Run Behavior\CheckLangBehavior [ RunTime:0.000941s ]
INFO: [ app_begin ] --END-- [ RunTime:0.002855s ]
NOTIC: [8] Undefined index: url /Applications/MAMP/htdocs/ThinkCMFX/application/Common/Controller/AppframeController.class.php 第 24 行.

[ 2016-09-04T01:56:25+08:00 ] ::1 /ThinkCMFX/index.php?g=user&m=index&a=is_login
INFO: [ app_begin ] --START--
INFO: Run Behavior\ReadHtmlCacheBehavior [ RunTime:0.001039s ]
INFO: Run Behavior\CheckLangBehavior [ RunTime:0.001169s ]
INFO: [ app_begin ] --END-- [ RunTime:0.003564s ]
NOTIC: [8] Undefined index: url /Applications/MAMP/htdocs/ThinkCMFX/application/Common/Controller/AppframeController.class.php 第 24 行.

[ 2016-09-04T02:06:24+08:00 ] ::1 /ThinkCMFX/index.php?g=user&m=index&a=is_login
INFO: [ app_begin ] --START--
INFO: Run Behavior\ReadHtmlCacheBehavior [ RunTime:0.000578s ]
INFO: Run Behavior\CheckLangBehavior [ RunTime:0.000576s ]
INFO: [ app_begin ] --END-- [ RunTime:0.001617s ]
NOTIC: [8] Undefined index: url /Applications/MAMP/htdocs/ThinkCMFX/application/Common/Controller/AppframeController.class.php 第 24 行.

[ 2016-09-04T02:06:38+08:00 ] ::1 /ThinkCMFX/index.php?g=user&m=index&a=is_login
INFO: [ app_begin ] --START--
INFO: Run Behavior\ReadHtmlCacheBehavior [ RunTime:0.000576s ]
INFO: Run Behavior\CheckLangBehavior [ RunTime:0.001246s ]
INFO: [ app_begin ] --END-- [ RunTime:0.002371s ]
NOTIC: [8] Undefined index: url /Applications/MAMP/htdocs/ThinkCMFX/application/Common/Controller/AppframeController.class.php 第 24 行.

[ 2016-09-04T02:08:56+08:00 ] ::1 /ThinkCMFX/index.php?g=user&m=index&a=is_login
INFO: [ app_begin ] --START--
INFO: Run Behavior\ReadHtmlCacheBehavior [ RunTime:0.001081s ]
INFO: Run Behavior\CheckLangBehavior [ RunTime:0.001305s ]
INFO: [ app_begin ] --END-- [ RunTime:0.003124s ]
NOTIC: [8] Undefined index: url /Applications/MAMP/htdocs/ThinkCMFX/application/Common/Controller/AppframeController.class.php 第 24 行.

[ 2016-09-04T02:10:55+08:00 ] ::1 /ThinkCMFX/index.php?g=user&m=index&a=is_login
INFO: [ app_begin ] --START--
INFO: Run Behavior\ReadHtmlCacheBehavior [ RunTime:0.000810s ]
INFO: Run Behavior\CheckLangBehavior [ RunTime:0.000810s ]
INFO: [ app_begin ] --END-- [ RunTime:0.002206s ]
NOTIC: [8] Undefined index: url /Applications/MAMP/htdocs/ThinkCMFX/application/Common/Controller/AppframeController.class.php 第 24 行.

[ 2016-09-04T02:11:12+08:00 ] ::1 /ThinkCMFX/index.php?g=user&m=index&a=is_login
INFO: [ app_begin ] --START--
INFO: Run Behavior\ReadHtmlCacheBehavior [ RunTime:0.000506s ]
INFO: Run Behavior\CheckLangBehavior [ RunTime:0.000531s ]
INFO: [ app_begin ] --END-- [ RunTime:0.001415s ]
NOTIC: [8] Undefined index: url /Applications/MAMP/htdocs/ThinkCMFX/application/Common/Controller/AppframeController.class.php 第 24 行.

[ 2016-09-04T02:11:25+08:00 ] ::1 /ThinkCMFX/index.php?g=user&m=index&a=is_login
INFO: [ app_begin ] --START--
INFO: Run Behavior\ReadHtmlCacheBehavior [ RunTime:0.002343s ]
INFO: Run Behavior\CheckLangBehavior [ RunTime:0.002562s ]
INFO: [ app_begin ] --END-- [ RunTime:0.006525s ]
NOTIC: [8] Undefined index: url /Applications/MAMP/htdocs/ThinkCMFX/application/Common/Controller/AppframeController.class.php 第 24 行.

[ 2016-09-04T02:13:04+08:00 ] ::1 /ThinkCMFX/index.php?g=user&m=index&a=is_login
INFO: [ app_begin ] --START--
INFO: Run Behavior\ReadHtmlCacheBehavior [ RunTime:0.000543s ]
INFO: Run Behavior\CheckLangBehavior [ RunTime:0.000581s ]
INFO: [ app_begin ] --END-- [ RunTime:0.001543s ]
NOTIC: [8] Undefined index: url /Applications/MAMP/htdocs/ThinkCMFX/application/Common/Controller/AppframeController.class.php 第 24 行.

[ 2016-09-04T02:13:19+08:00 ] ::1 /ThinkCMFX/index.php?g=user&m=index&a=is_login
INFO: [ app_begin ] --START--
INFO: Run Behavior\ReadHtmlCacheBehavior [ RunTime:0.000591s ]
INFO: Run Behavior\CheckLangBehavior [ RunTime:0.000904s ]
INFO: [ app_begin ] --END-- [ RunTime:0.002055s ]
NOTIC: [8] Undefined index: url /Applications/MAMP/htdocs/ThinkCMFX/application/Common/Controller/AppframeController.class.php 第 24 行.

[ 2016-09-04T02:14:25+08:00 ] ::1 /ThinkCMFX/index.php?g=user&m=index&a=is_login
INFO: [ app_begin ] --START--
INFO: Run Behavior\ReadHtmlCacheBehavior [ RunTime:0.000581s ]
INFO: Run Behavior\CheckLangBehavior [ RunTime:0.000774s ]
INFO: [ app_begin ] --END-- [ RunTime:0.001883s ]
NOTIC: [8] Undefined index: url /Applications/MAMP/htdocs/ThinkCMFX/application/Common/Controller/AppframeController.class.php 第 24 行.

[ 2016-09-04T02:14:36+08:00 ] ::1 /ThinkCMFX/index.php?g=user&m=index&a=is_login
INFO: [ app_begin ] --START--
INFO: Run Behavior\ReadHtmlCacheBehavior [ RunTime:0.000514s ]
INFO: Run Behavior\CheckLangBehavior [ RunTime:0.000507s ]
INFO: [ app_begin ] --END-- [ RunTime:0.001453s ]
NOTIC: [8] Undefined index: url /Applications/MAMP/htdocs/ThinkCMFX/application/Common/Controller/AppframeController.class.php 第 24 行.

[ 2016-09-04T02:14:39+08:00 ] ::1 /ThinkCMFX/index.php?g=user&m=index&a=is_login
INFO: [ app_begin ] --START--
INFO: Run Behavior\ReadHtmlCacheBehavior [ RunTime:0.000683s ]
INFO: Run Behavior\CheckLangBehavior [ RunTime:0.000565s ]
INFO: [ app_begin ] --END-- [ RunTime:0.001975s ]
NOTIC: [8] Undefined index: url /Applications/MAMP/htdocs/ThinkCMFX/application/Common/Controller/AppframeController.class.php 第 24 行.

[ 2016-09-04T02:14:41+08:00 ] ::1 /ThinkCMFX/index.php?g=user&m=index&a=is_login
INFO: [ app_begin ] --START--
INFO: Run Behavior\ReadHtmlCacheBehavior [ RunTime:0.000781s ]
INFO: Run Behavior\CheckLangBehavior [ RunTime:0.000622s ]
INFO: [ app_begin ] --END-- [ RunTime:0.001959s ]
NOTIC: [8] Undefined index: url /Applications/MAMP/htdocs/ThinkCMFX/application/Common/Controller/AppframeController.class.php 第 24 行.

[ 2016-09-04T02:16:21+08:00 ] ::1 /ThinkCMFX/index.php?g=user&m=index&a=is_login
INFO: [ app_begin ] --START--
INFO: Run Behavior\ReadHtmlCacheBehavior [ RunTime:0.001463s ]
INFO: Run Behavior\CheckLangBehavior [ RunTime:0.001512s ]
INFO: [ app_begin ] --END-- [ RunTime:0.003953s ]
NOTIC: [8] Undefined index: url /Applications/MAMP/htdocs/ThinkCMFX/application/Common/Controller/AppframeController.class.php 第 24 行.

[ 2016-09-04T02:17:19+08:00 ] ::1 /ThinkCMFX/index.php?g=user&m=index&a=is_login
INFO: [ app_begin ] --START--
INFO: Run Behavior\ReadHtmlCacheBehavior [ RunTime:0.000599s ]
INFO: Run Behavior\CheckLangBehavior [ RunTime:0.000582s ]
INFO: [ app_begin ] --END-- [ RunTime:0.001792s ]
NOTIC: [8] Undefined index: url /Applications/MAMP/htdocs/ThinkCMFX/application/Common/Controller/AppframeController.class.php 第 24 行.

[ 2016-09-04T02:17:24+08:00 ] ::1 /ThinkCMFX/index.php?g=user&m=index&a=is_login
INFO: [ app_begin ] --START--
INFO: Run Behavior\ReadHtmlCacheBehavior [ RunTime:0.000657s ]
INFO: Run Behavior\CheckLangBehavior [ RunTime:0.000522s ]
INFO: [ app_begin ] --END-- [ RunTime:0.001842s ]
NOTIC: [8] Undefined index: url /Applications/MAMP/htdocs/ThinkCMFX/application/Common/Controller/AppframeController.class.php 第 24 行.

[ 2016-09-04T02:17:25+08:00 ] ::1 /ThinkCMFX/index.php?g=user&m=index&a=is_login
INFO: [ app_begin ] --START--
INFO: Run Behavior\ReadHtmlCacheBehavior [ RunTime:0.000561s ]
INFO: Run Behavior\CheckLangBehavior [ RunTime:0.000703s ]
INFO: [ app_begin ] --END-- [ RunTime:0.001728s ]
NOTIC: [8] Undefined index: url /Applications/MAMP/htdocs/ThinkCMFX/application/Common/Controller/AppframeController.class.php 第 24 行.

[ 2016-09-04T02:17:27+08:00 ] ::1 /ThinkCMFX/index.php?g=user&m=index&a=is_login
INFO: [ app_begin ] --START--
INFO: Run Behavior\ReadHtmlCacheBehavior [ RunTime:0.000576s ]
INFO: Run Behavior\CheckLangBehavior [ RunTime:0.000722s ]
INFO: [ app_begin ] --END-- [ RunTime:0.001808s ]
NOTIC: [8] Undefined index: url /Applications/MAMP/htdocs/ThinkCMFX/application/Common/Controller/AppframeController.class.php 第 24 行.

[ 2016-09-04T02:17:28+08:00 ] ::1 /ThinkCMFX/index.php?g=user&m=index&a=is_login
INFO: [ app_begin ] --START--
INFO: Run Behavior\ReadHtmlCacheBehavior [ RunTime:0.000589s ]
INFO: Run Behavior\CheckLangBehavior [ RunTime:0.000619s ]
INFO: [ app_begin ] --END-- [ RunTime:0.001707s ]
NOTIC: [8] Undefined index: url /Applications/MAMP/htdocs/ThinkCMFX/application/Common/Controller/AppframeController.class.php 第 24 行.

[ 2016-09-04T02:21:36+08:00 ] ::1 /ThinkCMFX/index.php?g=user&m=index&a=is_login
INFO: [ app_begin ] --START--
INFO: Run Behavior\ReadHtmlCacheBehavior [ RunTime:0.000601s ]
INFO: Run Behavior\CheckLangBehavior [ RunTime:0.000587s ]
INFO: [ app_begin ] --END-- [ RunTime:0.001716s ]
NOTIC: [8] Undefined index: url /Applications/MAMP/htdocs/ThinkCMFX/application/Common/Controller/AppframeController.class.php 第 24 行.

[ 2016-09-04T02:22:04+08:00 ] ::1 /ThinkCMFX/index.php?g=user&m=index&a=is_login
INFO: [ app_begin ] --START--
INFO: Run Behavior\ReadHtmlCacheBehavior [ RunTime:0.000683s ]
INFO: Run Behavior\CheckLangBehavior [ RunTime:0.000545s ]
INFO: [ app_begin ] --END-- [ RunTime:0.001947s ]
NOTIC: [8] Undefined index: url /Applications/MAMP/htdocs/ThinkCMFX/application/Common/Controller/AppframeController.class.php 第 24 行.

[ 2016-09-04T02:22:36+08:00 ] ::1 /ThinkCMFX/index.php?g=user&m=index&a=is_login
INFO: [ app_begin ] --START--
INFO: Run Behavior\ReadHtmlCacheBehavior [ RunTime:0.001531s ]
INFO: Run Behavior\CheckLangBehavior [ RunTime:0.001952s ]
INFO: [ app_begin ] --END-- [ RunTime:0.005371s ]
NOTIC: [8] Undefined index: url /Applications/MAMP/htdocs/ThinkCMFX/application/Common/Controller/AppframeController.class.php 第 24 行.

[ 2016-09-04T02:22:42+08:00 ] ::1 /ThinkCMFX/index.php?g=user&m=index&a=is_login
INFO: [ app_begin ] --START--
INFO: Run Behavior\ReadHtmlCacheBehavior [ RunTime:0.000546s ]
INFO: Run Behavior\CheckLangBehavior [ RunTime:0.000636s ]
INFO: [ app_begin ] --END-- [ RunTime:0.001655s ]
NOTIC: [8] Undefined index: url /Applications/MAMP/htdocs/ThinkCMFX/application/Common/Controller/AppframeController.class.php 第 24 行.

[ 2016-09-04T02:22:44+08:00 ] ::1 /ThinkCMFX/index.php?g=user&m=index&a=is_login
INFO: [ app_begin ] --START--
INFO: Run Behavior\ReadHtmlCacheBehavior [ RunTime:0.001457s ]
INFO: Run Behavior\CheckLangBehavior [ RunTime:0.001178s ]
INFO: [ app_begin ] --END-- [ RunTime:0.003720s ]
NOTIC: [8] Undefined index: url /Applications/MAMP/htdocs/ThinkCMFX/application/Common/Controller/AppframeController.class.php 第 24 行.

[ 2016-09-04T02:22:45+08:00 ] ::1 /ThinkCMFX/index.php?g=user&m=index&a=is_login
INFO: [ app_begin ] --START--
INFO: Run Behavior\ReadHtmlCacheBehavior [ RunTime:0.001801s ]
INFO: Run Behavior\CheckLangBehavior [ RunTime:0.001869s ]
INFO: [ app_begin ] --END-- [ RunTime:0.004845s ]
NOTIC: [8] Undefined index: url /Applications/MAMP/htdocs/ThinkCMFX/application/Common/Controller/AppframeController.class.php 第 24 行.

[ 2016-09-04T02:22:47+08:00 ] ::1 /ThinkCMFX/index.php?g=user&m=index&a=is_login
INFO: [ app_begin ] --START--
INFO: Run Behavior\ReadHtmlCacheBehavior [ RunTime:0.000487s ]
INFO: Run Behavior\CheckLangBehavior [ RunTime:0.000479s ]
INFO: [ app_begin ] --END-- [ RunTime:0.001347s ]
NOTIC: [8] Undefined index: url /Applications/MAMP/htdocs/ThinkCMFX/application/Common/Controller/AppframeController.class.php 第 24 行.

[ 2016-09-04T02:22:49+08:00 ] ::1 /ThinkCMFX/index.php?g=user&m=index&a=is_login
INFO: [ app_begin ] --START--
INFO: Run Behavior\ReadHtmlCacheBehavior [ RunTime:0.001253s ]
INFO: Run Behavior\CheckLangBehavior [ RunTime:0.001409s ]
INFO: [ app_begin ] --END-- [ RunTime:0.003771s ]
NOTIC: [8] Undefined index: url /Applications/MAMP/htdocs/ThinkCMFX/application/Common/Controller/AppframeController.class.php 第 24 行.

[ 2016-09-04T02:22:50+08:00 ] ::1 /ThinkCMFX/index.php?g=user&m=index&a=is_login
INFO: [ app_begin ] --START--
INFO: Run Behavior\ReadHtmlCacheBehavior [ RunTime:0.001242s ]
INFO: Run Behavior\CheckLangBehavior [ RunTime:0.001148s ]
INFO: [ app_begin ] --END-- [ RunTime:0.003794s ]
NOTIC: [8] Undefined index: url /Applications/MAMP/htdocs/ThinkCMFX/application/Common/Controller/AppframeController.class.php 第 24 行.

[ 2016-09-04T02:27:56+08:00 ] ::1 /ThinkCMFX/index.php?g=user&m=index&a=is_login
INFO: [ app_begin ] --START--
INFO: Run Behavior\ReadHtmlCacheBehavior [ RunTime:0.000769s ]
INFO: Run Behavior\CheckLangBehavior [ RunTime:0.000599s ]
INFO: [ app_begin ] --END-- [ RunTime:0.002250s ]
NOTIC: [8] Undefined index: url /Applications/MAMP/htdocs/ThinkCMFX/application/Common/Controller/AppframeController.class.php 第 24 行.

[ 2016-09-04T02:28:41+08:00 ] ::1 /ThinkCMFX/index.php?g=user&m=index&a=is_login
INFO: [ app_begin ] --START--
INFO: Run Behavior\ReadHtmlCacheBehavior [ RunTime:0.000621s ]
INFO: Run Behavior\CheckLangBehavior [ RunTime:0.000945s ]
INFO: [ app_begin ] --END-- [ RunTime:0.002198s ]
NOTIC: [8] Undefined index: url /Applications/MAMP/htdocs/ThinkCMFX/application/Common/Controller/AppframeController.class.php 第 24 行.

[ 2016-09-04T02:29:10+08:00 ] ::1 /ThinkCMFX/index.php?g=user&m=index&a=is_login
INFO: [ app_begin ] --START--
INFO: Run Behavior\ReadHtmlCacheBehavior [ RunTime:0.000584s ]
INFO: Run Behavior\CheckLangBehavior [ RunTime:0.000679s ]
INFO: [ app_begin ] --END-- [ RunTime:0.001762s ]
NOTIC: [8] Undefined index: url /Applications/MAMP/htdocs/ThinkCMFX/application/Common/Controller/AppframeController.class.php 第 24 行.

[ 2016-09-04T02:36:25+08:00 ] ::1 /ThinkCMFX/index.php?g=user&m=index&a=is_login
INFO: [ app_begin ] --START--
INFO: Run Behavior\ReadHtmlCacheBehavior [ RunTime:0.002024s ]
INFO: Run Behavior\CheckLangBehavior [ RunTime:0.001891s ]
INFO: [ app_begin ] --END-- [ RunTime:0.005174s ]
NOTIC: [8] Undefined index: url /Applications/MAMP/htdocs/ThinkCMFX/application/Common/Controller/AppframeController.class.php 第 24 行.

[ 2016-09-04T02:37:12+08:00 ] ::1 /ThinkCMFX/index.php?g=user&m=index&a=is_login
INFO: [ app_begin ] --START--
INFO: Run Behavior\ReadHtmlCacheBehavior [ RunTime:0.001529s ]
INFO: Run Behavior\CheckLangBehavior [ RunTime:0.001057s ]
INFO: [ app_begin ] --END-- [ RunTime:0.003432s ]
NOTIC: [8] Undefined index: url /Applications/MAMP/htdocs/ThinkCMFX/application/Common/Controller/AppframeController.class.php 第 24 行.

[ 2016-09-04T02:38:13+08:00 ] ::1 /ThinkCMFX/index.php?g=user&m=index&a=is_login
INFO: [ app_begin ] --START--
INFO: Run Behavior\ReadHtmlCacheBehavior [ RunTime:0.000892s ]
INFO: Run Behavior\CheckLangBehavior [ RunTime:0.000889s ]
INFO: [ app_begin ] --END-- [ RunTime:0.002522s ]
NOTIC: [8] Undefined index: url /Applications/MAMP/htdocs/ThinkCMFX/application/Common/Controller/AppframeController.class.php 第 24 行.

[ 2016-09-04T02:39:29+08:00 ] ::1 /ThinkCMFX/index.php?g=user&m=index&a=is_login
INFO: [ app_begin ] --START--
INFO: Run Behavior\ReadHtmlCacheBehavior [ RunTime:0.001314s ]
INFO: Run Behavior\CheckLangBehavior [ RunTime:0.000813s ]
INFO: [ app_begin ] --END-- [ RunTime:0.003421s ]
NOTIC: [8] Undefined index: url /Applications/MAMP/htdocs/ThinkCMFX/application/Common/Controller/AppframeController.class.php 第 24 行.

[ 2016-09-04T02:40:15+08:00 ] ::1 /ThinkCMFX/index.php?g=user&m=index&a=is_login
INFO: [ app_begin ] --START--
INFO: Run Behavior\ReadHtmlCacheBehavior [ RunTime:0.000867s ]
INFO: Run Behavior\CheckLangBehavior [ RunTime:0.000693s ]
INFO: [ app_begin ] --END-- [ RunTime:0.002375s ]
NOTIC: [8] Undefined index: url /Applications/MAMP/htdocs/ThinkCMFX/application/Common/Controller/AppframeController.class.php 第 24 行.

[ 2016-09-04T02:42:04+08:00 ] ::1 /ThinkCMFX/index.php?g=user&m=index&a=is_login
INFO: [ app_begin ] --START--
INFO: Run Behavior\ReadHtmlCacheBehavior [ RunTime:0.001077s ]
INFO: Run Behavior\CheckLangBehavior [ RunTime:0.000952s ]
INFO: [ app_begin ] --END-- [ RunTime:0.002821s ]
NOTIC: [8] Undefined index: url /Applications/MAMP/htdocs/ThinkCMFX/application/Common/Controller/AppframeController.class.php 第 24 行.

[ 2016-09-04T02:42:08+08:00 ] ::1 /ThinkCMFX/index.php?g=user&m=index&a=is_login
INFO: [ app_begin ] --START--
INFO: Run Behavior\ReadHtmlCacheBehavior [ RunTime:0.001046s ]
INFO: Run Behavior\CheckLangBehavior [ RunTime:0.001073s ]
INFO: [ app_begin ] --END-- [ RunTime:0.002990s ]
NOTIC: [8] Undefined index: url /Applications/MAMP/htdocs/ThinkCMFX/application/Common/Controller/AppframeController.class.php 第 24 行.

[ 2016-09-04T02:42:25+08:00 ] ::1 /ThinkCMFX/index.php?g=user&m=index&a=is_login
INFO: [ app_begin ] --START--
INFO: Run Behavior\ReadHtmlCacheBehavior [ RunTime:0.000874s ]
INFO: Run Behavior\CheckLangBehavior [ RunTime:0.000865s ]
INFO: [ app_begin ] --END-- [ RunTime:0.002297s ]
NOTIC: [8] Undefined index: url /Applications/MAMP/htdocs/ThinkCMFX/application/Common/Controller/AppframeController.class.php 第 24 行.

[ 2016-09-04T02:43:43+08:00 ] ::1 /ThinkCMFX/index.php?g=user&m=index&a=is_login
INFO: [ app_begin ] --START--
INFO: Run Behavior\ReadHtmlCacheBehavior [ RunTime:0.001003s ]
INFO: Run Behavior\CheckLangBehavior [ RunTime:0.000991s ]
INFO: [ app_begin ] --END-- [ RunTime:0.003142s ]
NOTIC: [8] Undefined index: url /Applications/MAMP/htdocs/ThinkCMFX/application/Common/Controller/AppframeController.class.php 第 24 行.

[ 2016-09-04T02:43:46+08:00 ] ::1 /ThinkCMFX/index.php?g=user&m=index&a=is_login
INFO: [ app_begin ] --START--
INFO: Run Behavior\ReadHtmlCacheBehavior [ RunTime:0.001410s ]
INFO: Run Behavior\CheckLangBehavior [ RunTime:0.001032s ]
INFO: [ app_begin ] --END-- [ RunTime:0.003614s ]
NOTIC: [8] Undefined index: url /Applications/MAMP/htdocs/ThinkCMFX/application/Common/Controller/AppframeController.class.php 第 24 行.

[ 2016-09-04T02:43:59+08:00 ] ::1 /ThinkCMFX/index.php?g=user&m=index&a=is_login
INFO: [ app_begin ] --START--
INFO: Run Behavior\ReadHtmlCacheBehavior [ RunTime:0.000493s ]
INFO: Run Behavior\CheckLangBehavior [ RunTime:0.000653s ]
INFO: [ app_begin ] --END-- [ RunTime:0.001540s ]
NOTIC: [8] Undefined index: url /Applications/MAMP/htdocs/ThinkCMFX/application/Common/Controller/AppframeController.class.php 第 24 行.

[ 2016-09-04T02:44:34+08:00 ] ::1 /ThinkCMFX/index.php?g=user&m=index&a=is_login
INFO: [ app_begin ] --START--
INFO: Run Behavior\ReadHtmlCacheBehavior [ RunTime:0.000991s ]
INFO: Run Behavior\CheckLangBehavior [ RunTime:0.001471s ]
INFO: [ app_begin ] --END-- [ RunTime:0.003499s ]
NOTIC: [8] Undefined index: url /Applications/MAMP/htdocs/ThinkCMFX/application/Common/Controller/AppframeController.class.php 第 24 行.

[ 2016-09-04T02:44:39+08:00 ] ::1 /ThinkCMFX/index.php?g=user&m=index&a=is_login
INFO: [ app_begin ] --START--
INFO: Run Behavior\ReadHtmlCacheBehavior [ RunTime:0.001320s ]
INFO: Run Behavior\CheckLangBehavior [ RunTime:0.001059s ]
INFO: [ app_begin ] --END-- [ RunTime:0.003454s ]
NOTIC: [8] Undefined index: url /Applications/MAMP/htdocs/ThinkCMFX/application/Common/Controller/AppframeController.class.php 第 24 行.

[ 2016-09-04T02:44:49+08:00 ] ::1 /ThinkCMFX/index.php?g=user&m=index&a=is_login
INFO: [ app_begin ] --START--
INFO: Run Behavior\ReadHtmlCacheBehavior [ RunTime:0.000763s ]
INFO: Run Behavior\CheckLangBehavior [ RunTime:0.000592s ]
INFO: [ app_begin ] --END-- [ RunTime:0.002073s ]
NOTIC: [8] Undefined index: url /Applications/MAMP/htdocs/ThinkCMFX/application/Common/Controller/AppframeController.class.php 第 24 行.

[ 2016-09-04T02:44:53+08:00 ] ::1 /ThinkCMFX/index.php?g=user&m=index&a=is_login
INFO: [ app_begin ] --START--
INFO: Run Behavior\ReadHtmlCacheBehavior [ RunTime:0.000555s ]
INFO: Run Behavior\CheckLangBehavior [ RunTime:0.000570s ]
INFO: [ app_begin ] --END-- [ RunTime:0.001582s ]
NOTIC: [8] Undefined index: url /Applications/MAMP/htdocs/ThinkCMFX/application/Common/Controller/AppframeController.class.php 第 24 行.

[ 2016-09-04T02:46:44+08:00 ] ::1 /ThinkCMFX/index.php?g=user&m=index&a=is_login
INFO: [ app_begin ] --START--
INFO: Run Behavior\ReadHtmlCacheBehavior [ RunTime:0.001029s ]
INFO: Run Behavior\CheckLangBehavior [ RunTime:0.000948s ]
INFO: [ app_begin ] --END-- [ RunTime:0.002774s ]
NOTIC: [8] Undefined index: url /Applications/MAMP/htdocs/ThinkCMFX/application/Common/Controller/AppframeController.class.php 第 24 行.

[ 2016-09-04T02:46:46+08:00 ] ::1 /ThinkCMFX/index.php?g=user&m=index&a=is_login
INFO: [ app_begin ] --START--
INFO: Run Behavior\ReadHtmlCacheBehavior [ RunTime:0.001466s ]
INFO: Run Behavior\CheckLangBehavior [ RunTime:0.001276s ]
INFO: [ app_begin ] --END-- [ RunTime:0.003612s ]
NOTIC: [8] Undefined index: url /Applications/MAMP/htdocs/ThinkCMFX/application/Common/Controller/AppframeController.class.php 第 24 行.

[ 2016-09-04T02:46:49+08:00 ] ::1 /ThinkCMFX/index.php?g=user&m=index&a=is_login
INFO: [ app_begin ] --START--
INFO: Run Behavior\ReadHtmlCacheBehavior [ RunTime:0.001028s ]
INFO: Run Behavior\CheckLangBehavior [ RunTime:0.001195s ]
INFO: [ app_begin ] --END-- [ RunTime:0.003347s ]
NOTIC: [8] Undefined index: url /Applications/MAMP/htdocs/ThinkCMFX/application/Common/Controller/AppframeController.class.php 第 24 行.

[ 2016-09-04T02:46:52+08:00 ] ::1 /ThinkCMFX/index.php?g=user&m=index&a=is_login
INFO: [ app_begin ] --START--
INFO: Run Behavior\ReadHtmlCacheBehavior [ RunTime:0.001105s ]
INFO: Run Behavior\CheckLangBehavior [ RunTime:0.000624s ]
INFO: [ app_begin ] --END-- [ RunTime:0.002968s ]
NOTIC: [8] Undefined index: url /Applications/MAMP/htdocs/ThinkCMFX/application/Common/Controller/AppframeController.class.php 第 24 行.

[ 2016-09-04T02:46:55+08:00 ] ::1 /ThinkCMFX/index.php?g=user&m=index&a=is_login
INFO: [ app_begin ] --START--
INFO: Run Behavior\ReadHtmlCacheBehavior [ RunTime:0.000496s ]
INFO: Run Behavior\CheckLangBehavior [ RunTime:0.000488s ]
INFO: [ app_begin ] --END-- [ RunTime:0.001355s ]
NOTIC: [8] Undefined index: url /Applications/MAMP/htdocs/ThinkCMFX/application/Common/Controller/AppframeController.class.php 第 24 行.

[ 2016-09-04T02:46:57+08:00 ] ::1 /ThinkCMFX/index.php?g=user&m=index&a=is_login
INFO: [ app_begin ] --START--
INFO: Run Behavior\ReadHtmlCacheBehavior [ RunTime:0.000573s ]
INFO: Run Behavior\CheckLangBehavior [ RunTime:0.000576s ]
INFO: [ app_begin ] --END-- [ RunTime:0.001615s ]
NOTIC: [8] Undefined index: url /Applications/MAMP/htdocs/ThinkCMFX/application/Common/Controller/AppframeController.class.php 第 24 行.

[ 2016-09-04T02:46:57+08:00 ] ::1 /ThinkCMFX/index.php?g=user&m=index&a=is_login
INFO: [ app_begin ] --START--
INFO: Run Behavior\ReadHtmlCacheBehavior [ RunTime:0.000923s ]
INFO: Run Behavior\CheckLangBehavior [ RunTime:0.000709s ]
INFO: [ app_begin ] --END-- [ RunTime:0.002233s ]
NOTIC: [8] Undefined index: url /Applications/MAMP/htdocs/ThinkCMFX/application/Common/Controller/AppframeController.class.php 第 24 行.

[ 2016-09-04T02:46:58+08:00 ] ::1 /ThinkCMFX/index.php?g=user&m=index&a=is_login
INFO: [ app_begin ] --START--
INFO: Run Behavior\ReadHtmlCacheBehavior [ RunTime:0.000837s ]
INFO: Run Behavior\CheckLangBehavior [ RunTime:0.000748s ]
INFO: [ app_begin ] --END-- [ RunTime:0.002134s ]
NOTIC: [8] Undefined index: url /Applications/MAMP/htdocs/ThinkCMFX/application/Common/Controller/AppframeController.class.php 第 24 行.

[ 2016-09-04T02:46:59+08:00 ] ::1 /ThinkCMFX/index.php?g=user&m=index&a=is_login
INFO: [ app_begin ] --START--
INFO: Run Behavior\ReadHtmlCacheBehavior [ RunTime:0.000770s ]
INFO: Run Behavior\CheckLangBehavior [ RunTime:0.000731s ]
INFO: [ app_begin ] --END-- [ RunTime:0.001988s ]
NOTIC: [8] Undefined index: url /Applications/MAMP/htdocs/ThinkCMFX/application/Common/Controller/AppframeController.class.php 第 24 行.

[ 2016-09-04T02:47:00+08:00 ] ::1 /ThinkCMFX/index.php?g=user&m=index&a=is_login
INFO: [ app_begin ] --START--
INFO: Run Behavior\ReadHtmlCacheBehavior [ RunTime:0.000552s ]
INFO: Run Behavior\CheckLangBehavior [ RunTime:0.000693s ]
INFO: [ app_begin ] --END-- [ RunTime:0.001750s ]
NOTIC: [8] Undefined index: url /Applications/MAMP/htdocs/ThinkCMFX/application/Common/Controller/AppframeController.class.php 第 24 行.

[ 2016-09-04T02:47:06+08:00 ] ::1 /ThinkCMFX/index.php?g=user&m=index&a=is_login
INFO: [ app_begin ] --START--
INFO: Run Behavior\ReadHtmlCacheBehavior [ RunTime:0.000705s ]
INFO: Run Behavior\CheckLangBehavior [ RunTime:0.000923s ]
INFO: [ app_begin ] --END-- [ RunTime:0.002144s ]
NOTIC: [8] Undefined index: url /Applications/MAMP/htdocs/ThinkCMFX/application/Common/Controller/AppframeController.class.php 第 24 行.

[ 2016-09-04T15:00:04+08:00 ] ::1 /ThinkCMFX/index.php?g=user&m=index&a=is_login
INFO: [ app_begin ] --START--
INFO: Run Behavior\ReadHtmlCacheBehavior [ RunTime:0.000570s ]
INFO: Run Behavior\CheckLangBehavior [ RunTime:0.000540s ]
INFO: [ app_begin ] --END-- [ RunTime:0.001602s ]
NOTIC: [8] Undefined index: url /Applications/MAMP/htdocs/ThinkCMFX/application/Common/Controller/AppframeController.class.php 第 24 行.

[ 2016-09-04T15:00:14+08:00 ] ::1 /ThinkCMFX/index.php?g=user&m=index&a=is_login
INFO: [ app_begin ] --START--
INFO: Run Behavior\ReadHtmlCacheBehavior [ RunTime:0.002236s ]
INFO: Run Behavior\CheckLangBehavior [ RunTime:0.002674s ]
INFO: [ app_begin ] --END-- [ RunTime:0.007157s ]
NOTIC: [8] Undefined index: url /Applications/MAMP/htdocs/ThinkCMFX/application/Common/Controller/AppframeController.class.php 第 24 行.

[ 2016-09-04T15:00:20+08:00 ] ::1 /ThinkCMFX/index.php?g=user&m=index&a=is_login
INFO: [ app_begin ] --START--
INFO: Run Behavior\ReadHtmlCacheBehavior [ RunTime:0.000583s ]
INFO: Run Behavior\CheckLangBehavior [ RunTime:0.000638s ]
INFO: [ app_begin ] --END-- [ RunTime:0.001650s ]
NOTIC: [8] Undefined index: url /Applications/MAMP/htdocs/ThinkCMFX/application/Common/Controller/AppframeController.class.php 第 24 行.

[ 2016-09-04T15:02:19+08:00 ] ::1 /ThinkCMFX/index.php?g=user&m=index&a=is_login
INFO: [ app_begin ] --START--
INFO: Run Behavior\ReadHtmlCacheBehavior [ RunTime:0.000567s ]
INFO: Run Behavior\CheckLangBehavior [ RunTime:0.000554s ]
INFO: [ app_begin ] --END-- [ RunTime:0.001573s ]
NOTIC: [8] Undefined index: url /Applications/MAMP/htdocs/ThinkCMFX/application/Common/Controller/AppframeController.class.php 第 24 行.

[ 2016-09-04T15:02:53+08:00 ] ::1 /ThinkCMFX/index.php?g=user&m=index&a=is_login
INFO: [ app_begin ] --START--
INFO: Run Behavior\ReadHtmlCacheBehavior [ RunTime:0.001399s ]
INFO: Run Behavior\CheckLangBehavior [ RunTime:0.001270s ]
INFO: [ app_begin ] --END-- [ RunTime:0.003582s ]
NOTIC: [8] Undefined index: url /Applications/MAMP/htdocs/ThinkCMFX/application/Common/Controller/AppframeController.class.php 第 24 行.

[ 2016-09-04T15:02:56+08:00 ] ::1 /ThinkCMFX/index.php?g=user&m=index&a=is_login
INFO: [ app_begin ] --START--
INFO: Run Behavior\ReadHtmlCacheBehavior [ RunTime:0.000657s ]
INFO: Run Behavior\CheckLangBehavior [ RunTime:0.000608s ]
INFO: [ app_begin ] --END-- [ RunTime:0.001785s ]
NOTIC: [8] Undefined index: url /Applications/MAMP/htdocs/ThinkCMFX/application/Common/Controller/AppframeController.class.php 第 24 行.

[ 2016-09-04T15:10:16+08:00 ] ::1 /ThinkCMFX/index.php?g=user&m=index&a=is_login
INFO: [ app_begin ] --START--
INFO: Run Behavior\ReadHtmlCacheBehavior [ RunTime:0.001299s ]
INFO: Run Behavior\CheckLangBehavior [ RunTime:0.000879s ]
INFO: [ app_begin ] --END-- [ RunTime:0.002980s ]
NOTIC: [8] Undefined index: url /Applications/MAMP/htdocs/ThinkCMFX/application/Common/Controller/AppframeController.class.php 第 24 行.

[ 2016-09-04T15:12:01+08:00 ] ::1 /ThinkCMFX/index.php?g=user&m=index&a=is_login
INFO: [ app_begin ] --START--
INFO: Run Behavior\ReadHtmlCacheBehavior [ RunTime:0.000580s ]
INFO: Run Behavior\CheckLangBehavior [ RunTime:0.000673s ]
INFO: [ app_begin ] --END-- [ RunTime:0.001792s ]
NOTIC: [8] Undefined index: url /Applications/MAMP/htdocs/ThinkCMFX/application/Common/Controller/AppframeController.class.php 第 24 行.

[ 2016-09-04T15:13:25+08:00 ] ::1 /ThinkCMFX/index.php?g=user&m=index&a=is_login
INFO: [ app_begin ] --START--
INFO: Run Behavior\ReadHtmlCacheBehavior [ RunTime:0.002238s ]
INFO: Run Behavior\CheckLangBehavior [ RunTime:0.001662s ]
INFO: [ app_begin ] --END-- [ RunTime:0.005395s ]
NOTIC: [8] Undefined index: url /Applications/MAMP/htdocs/ThinkCMFX/application/Common/Controller/AppframeController.class.php 第 24 行.

[ 2016-09-04T15:13:46+08:00 ] ::1 /ThinkCMFX/index.php?g=user&m=index&a=is_login
INFO: [ app_begin ] --START--
INFO: Run Behavior\ReadHtmlCacheBehavior [ RunTime:0.000912s ]
INFO: Run Behavior\CheckLangBehavior [ RunTime:0.002632s ]
INFO: [ app_begin ] --END-- [ RunTime:0.004496s ]
NOTIC: [8] Undefined index: url /Applications/MAMP/htdocs/ThinkCMFX/application/Common/Controller/AppframeController.class.php 第 24 行.

[ 2016-09-04T15:13:49+08:00 ] ::1 /ThinkCMFX/index.php?g=user&m=index&a=is_login
INFO: [ app_begin ] --START--
INFO: Run Behavior\ReadHtmlCacheBehavior [ RunTime:0.000731s ]
INFO: Run Behavior\CheckLangBehavior [ RunTime:0.001505s ]
INFO: [ app_begin ] --END-- [ RunTime:0.003042s ]
NOTIC: [8] Undefined index: url /Applications/MAMP/htdocs/ThinkCMFX/application/Common/Controller/AppframeController.class.php 第 24 行.

[ 2016-09-04T15:13:51+08:00 ] ::1 /ThinkCMFX/index.php?g=user&m=index&a=is_login
INFO: [ app_begin ] --START--
INFO: Run Behavior\ReadHtmlCacheBehavior [ RunTime:0.000756s ]
INFO: Run Behavior\CheckLangBehavior [ RunTime:0.001002s ]
INFO: [ app_begin ] --END-- [ RunTime:0.002457s ]
NOTIC: [8] Undefined index: url /Applications/MAMP/htdocs/ThinkCMFX/application/Common/Controller/AppframeController.class.php 第 24 行.

[ 2016-09-04T15:13:54+08:00 ] ::1 /ThinkCMFX/index.php?g=user&m=index&a=is_login
INFO: [ app_begin ] --START--
INFO: Run Behavior\ReadHtmlCacheBehavior [ RunTime:0.000559s ]
INFO: Run Behavior\CheckLangBehavior [ RunTime:0.000703s ]
INFO: [ app_begin ] --END-- [ RunTime:0.001721s ]
NOTIC: [8] Undefined index: url /Applications/MAMP/htdocs/ThinkCMFX/application/Common/Controller/AppframeController.class.php 第 24 行.

[ 2016-09-04T15:13:58+08:00 ] ::1 /ThinkCMFX/index.php?g=user&m=index&a=is_login
INFO: [ app_begin ] --START--
INFO: Run Behavior\ReadHtmlCacheBehavior [ RunTime:0.000493s ]
INFO: Run Behavior\CheckLangBehavior [ RunTime:0.000484s ]
INFO: [ app_begin ] --END-- [ RunTime:0.001346s ]
NOTIC: [8] Undefined index: url /Applications/MAMP/htdocs/ThinkCMFX/application/Common/Controller/AppframeController.class.php 第 24 行.

[ 2016-09-04T15:16:31+08:00 ] ::1 /ThinkCMFX/index.php?g=user&m=index&a=is_login
INFO: [ app_begin ] --START--
INFO: Run Behavior\ReadHtmlCacheBehavior [ RunTime:0.001533s ]
INFO: Run Behavior\CheckLangBehavior [ RunTime:0.001193s ]
INFO: [ app_begin ] --END-- [ RunTime:0.003977s ]
NOTIC: [8] Undefined index: url /Applications/MAMP/htdocs/ThinkCMFX/application/Common/Controller/AppframeController.class.php 第 24 行.

[ 2016-09-04T15:16:59+08:00 ] ::1 /ThinkCMFX/index.php?g=user&m=index&a=is_login
INFO: [ app_begin ] --START--
INFO: Run Behavior\ReadHtmlCacheBehavior [ RunTime:0.000669s ]
INFO: Run Behavior\CheckLangBehavior [ RunTime:0.000524s ]
INFO: [ app_begin ] --END-- [ RunTime:0.001738s ]
NOTIC: [8] Undefined index: url /Applications/MAMP/htdocs/ThinkCMFX/application/Common/Controller/AppframeController.class.php 第 24 行.

[ 2016-09-04T15:17:01+08:00 ] ::1 /ThinkCMFX/index.php?g=user&m=index&a=is_login
INFO: [ app_begin ] --START--
INFO: Run Behavior\ReadHtmlCacheBehavior [ RunTime:0.000580s ]
INFO: Run Behavior\CheckLangBehavior [ RunTime:0.000517s ]
INFO: [ app_begin ] --END-- [ RunTime:0.001656s ]
NOTIC: [8] Undefined index: url /Applications/MAMP/htdocs/ThinkCMFX/application/Common/Controller/AppframeController.class.php 第 24 行.

[ 2016-09-04T15:17:06+08:00 ] ::1 /ThinkCMFX/index.php?g=user&m=index&a=is_login
INFO: [ app_begin ] --START--
INFO: Run Behavior\ReadHtmlCacheBehavior [ RunTime:0.000785s ]
INFO: Run Behavior\CheckLangBehavior [ RunTime:0.000937s ]
INFO: [ app_begin ] --END-- [ RunTime:0.002276s ]
NOTIC: [8] Undefined index: url /Applications/MAMP/htdocs/ThinkCMFX/application/Common/Controller/AppframeController.class.php 第 24 行.

[ 2016-09-04T15:17:10+08:00 ] ::1 /ThinkCMFX/index.php?g=user&m=index&a=is_login
INFO: [ app_begin ] --START--
INFO: Run Behavior\ReadHtmlCacheBehavior [ RunTime:0.000701s ]
INFO: Run Behavior\CheckLangBehavior [ RunTime:0.000705s ]
INFO: [ app_begin ] --END-- [ RunTime:0.002031s ]
NOTIC: [8] Undefined index: url /Applications/MAMP/htdocs/ThinkCMFX/application/Common/Controller/AppframeController.class.php 第 24 行.

[ 2016-09-04T15:17:23+08:00 ] ::1 /ThinkCMFX/index.php?g=user&m=index&a=is_login
INFO: [ app_begin ] --START--
INFO: Run Behavior\ReadHtmlCacheBehavior [ RunTime:0.001526s ]
INFO: Run Behavior\CheckLangBehavior [ RunTime:0.000880s ]
INFO: [ app_begin ] --END-- [ RunTime:0.003791s ]
NOTIC: [8] Undefined index: url /Applications/MAMP/htdocs/ThinkCMFX/application/Common/Controller/AppframeController.class.php 第 24 行.

[ 2016-09-04T15:17:30+08:00 ] ::1 /ThinkCMFX/index.php?g=user&m=index&a=is_login
INFO: [ app_begin ] --START--
INFO: Run Behavior\ReadHtmlCacheBehavior [ RunTime:0.000798s ]
INFO: Run Behavior\CheckLangBehavior [ RunTime:0.000653s ]
INFO: [ app_begin ] --END-- [ RunTime:0.002064s ]
NOTIC: [8] Undefined index: url /Applications/MAMP/htdocs/ThinkCMFX/application/Common/Controller/AppframeController.class.php 第 24 行.

[ 2016-09-04T15:17:32+08:00 ] ::1 /ThinkCMFX/index.php?g=user&m=index&a=is_login
INFO: [ app_begin ] --START--
INFO: Run Behavior\ReadHtmlCacheBehavior [ RunTime:0.000969s ]
INFO: Run Behavior\CheckLangBehavior [ RunTime:0.001197s ]
INFO: [ app_begin ] --END-- [ RunTime:0.003040s ]
NOTIC: [8] Undefined index: url /Applications/MAMP/htdocs/ThinkCMFX/application/Common/Controller/AppframeController.class.php 第 24 行.

[ 2016-09-04T15:17:33+08:00 ] ::1 /ThinkCMFX/index.php?g=user&m=index&a=is_login
INFO: [ app_begin ] --START--
INFO: Run Behavior\ReadHtmlCacheBehavior [ RunTime:0.000963s ]
INFO: Run Behavior\CheckLangBehavior [ RunTime:0.001230s ]
INFO: [ app_begin ] --END-- [ RunTime:0.003009s ]
NOTIC: [8] Undefined index: url /Applications/MAMP/htdocs/ThinkCMFX/application/Common/Controller/AppframeController.class.php 第 24 行.

