[ 2016-09-02T01:31:01+08:00 ] ::1 /ThinkCMFX/index.php?g=user&m=index&a=is_login
INFO: [ app_begin ] --START--
INFO: Run Behavior\ReadHtmlCacheBehavior [ RunTime:0.000821s ]
INFO: Run Behavior\CheckLangBehavior [ RunTime:0.000887s ]
INFO: [ app_begin ] --END-- [ RunTime:0.002395s ]
NOTIC: [8] Undefined index: url /Applications/MAMP/htdocs/ThinkCMFX/application/Common/Controller/AppframeController.class.php 第 24 行.

[ 2016-09-02T01:43:13+08:00 ] ::1 /ThinkCMFX/index.php?g=user&m=index&a=is_login
INFO: [ app_begin ] --START--
INFO: Run Behavior\ReadHtmlCacheBehavior [ RunTime:0.000519s ]
INFO: Run Behavior\CheckLangBehavior [ RunTime:0.000519s ]
INFO: [ app_begin ] --END-- [ RunTime:0.001525s ]
NOTIC: [8] Undefined index: url /Applications/MAMP/htdocs/ThinkCMFX/application/Common/Controller/AppframeController.class.php 第 24 行.

[ 2016-09-02T01:43:16+08:00 ] ::1 /ThinkCMFX/index.php?g=user&m=index&a=is_login
INFO: [ app_begin ] --START--
INFO: Run Behavior\ReadHtmlCacheBehavior [ RunTime:0.000642s ]
INFO: Run Behavior\CheckLangBehavior [ RunTime:0.001043s ]
INFO: [ app_begin ] --END-- [ RunTime:0.002239s ]
NOTIC: [8] Undefined index: url /Applications/MAMP/htdocs/ThinkCMFX/application/Common/Controller/AppframeController.class.php 第 24 行.

[ 2016-09-02T01:44:10+08:00 ] ::1 /ThinkCMFX/index.php?g=user&m=index&a=is_login
INFO: [ app_begin ] --START--
INFO: Run Behavior\ReadHtmlCacheBehavior [ RunTime:0.000830s ]
INFO: Run Behavior\CheckLangBehavior [ RunTime:0.000570s ]
INFO: [ app_begin ] --END-- [ RunTime:0.002138s ]
NOTIC: [8] Undefined index: url /Applications/MAMP/htdocs/ThinkCMFX/application/Common/Controller/AppframeController.class.php 第 24 行.

[ 2016-09-02T01:45:25+08:00 ] ::1 /ThinkCMFX/index.php?g=user&m=index&a=is_login
INFO: [ app_begin ] --START--
INFO: Run Behavior\ReadHtmlCacheBehavior [ RunTime:0.001185s ]
INFO: Run Behavior\CheckLangBehavior [ RunTime:0.000846s ]
INFO: [ app_begin ] --END-- [ RunTime:0.003315s ]
NOTIC: [8] Undefined index: url /Applications/MAMP/htdocs/ThinkCMFX/application/Common/Controller/AppframeController.class.php 第 24 行.

[ 2016-09-02T01:45:56+08:00 ] ::1 /ThinkCMFX/index.php?g=user&m=index&a=is_login
INFO: [ app_begin ] --START--
INFO: Run Behavior\ReadHtmlCacheBehavior [ RunTime:0.001015s ]
INFO: Run Behavior\CheckLangBehavior [ RunTime:0.000986s ]
INFO: [ app_begin ] --END-- [ RunTime:0.002962s ]
NOTIC: [8] Undefined index: url /Applications/MAMP/htdocs/ThinkCMFX/application/Common/Controller/AppframeController.class.php 第 24 行.

[ 2016-09-02T01:46:39+08:00 ] ::1 /ThinkCMFX/index.php?g=user&m=index&a=is_login
INFO: [ app_begin ] --START--
INFO: Run Behavior\ReadHtmlCacheBehavior [ RunTime:0.000768s ]
INFO: Run Behavior\CheckLangBehavior [ RunTime:0.000724s ]
INFO: [ app_begin ] --END-- [ RunTime:0.002116s ]
NOTIC: [8] Undefined index: url /Applications/MAMP/htdocs/ThinkCMFX/application/Common/Controller/AppframeController.class.php 第 24 行.

[ 2016-09-02T02:07:08+08:00 ] ::1 /ThinkCMFX/index.php?g=user&m=index&a=is_login
INFO: [ app_begin ] --START--
INFO: Run Behavior\ReadHtmlCacheBehavior [ RunTime:0.001344s ]
INFO: Run Behavior\CheckLangBehavior [ RunTime:0.001344s ]
INFO: [ app_begin ] --END-- [ RunTime:0.003844s ]
NOTIC: [8] Undefined index: url /Applications/MAMP/htdocs/ThinkCMFX/application/Common/Controller/AppframeController.class.php 第 24 行.

[ 2016-09-02T02:07:26+08:00 ] ::1 /thinkcmfx/index.php?g=user&m=index&a=is_login
INFO: [ app_begin ] --START--
INFO: Run Behavior\ReadHtmlCacheBehavior [ RunTime:0.000958s ]
INFO: Run Behavior\CheckLangBehavior [ RunTime:0.000694s ]
INFO: [ app_begin ] --END-- [ RunTime:0.002474s ]
NOTIC: [8] Undefined index: url /Applications/MAMP/htdocs/thinkcmfx/application/Common/Controller/AppframeController.class.php 第 24 行.

[ 2016-09-02T02:14:00+08:00 ] ::1 /ThinkCMFX/index.php?g=user&m=index&a=is_login
INFO: [ app_begin ] --START--
INFO: Run Behavior\ReadHtmlCacheBehavior [ RunTime:0.001037s ]
INFO: Run Behavior\CheckLangBehavior [ RunTime:0.000946s ]
INFO: [ app_begin ] --END-- [ RunTime:0.002811s ]
NOTIC: [8] Undefined index: url /Applications/MAMP/htdocs/ThinkCMFX/application/Common/Controller/AppframeController.class.php 第 24 行.

[ 2016-09-02T02:15:15+08:00 ] ::1 /ThinkCMFX/index.php?g=user&m=index&a=is_login
INFO: [ app_begin ] --START--
INFO: Run Behavior\ReadHtmlCacheBehavior [ RunTime:0.000993s ]
INFO: Run Behavior\CheckLangBehavior [ RunTime:0.000908s ]
INFO: [ app_begin ] --END-- [ RunTime:0.002744s ]
NOTIC: [8] Undefined index: url /Applications/MAMP/htdocs/ThinkCMFX/application/Common/Controller/AppframeController.class.php 第 24 行.

[ 2016-09-02T02:15:17+08:00 ] ::1 /thinkcmfx/index.php?g=user&m=index&a=is_login
INFO: [ app_begin ] --START--
INFO: Run Behavior\ReadHtmlCacheBehavior [ RunTime:0.000547s ]
INFO: Run Behavior\CheckLangBehavior [ RunTime:0.000556s ]
INFO: [ app_begin ] --END-- [ RunTime:0.001577s ]
NOTIC: [8] Undefined index: url /Applications/MAMP/htdocs/thinkcmfx/application/Common/Controller/AppframeController.class.php 第 24 行.

[ 2016-09-02T02:15:37+08:00 ] ::1 /thinkcmfx/index.php?g=user&m=index&a=is_login
INFO: [ app_begin ] --START--
INFO: Run Behavior\ReadHtmlCacheBehavior [ RunTime:0.000941s ]
INFO: Run Behavior\CheckLangBehavior [ RunTime:0.001216s ]
INFO: [ app_begin ] --END-- [ RunTime:0.002810s ]
NOTIC: [8] Undefined index: url /Applications/MAMP/htdocs/thinkcmfx/application/Common/Controller/AppframeController.class.php 第 24 行.

[ 2016-09-02T02:15:38+08:00 ] ::1 /thinkcmfx/index.php?g=user&m=index&a=is_login
INFO: [ app_begin ] --START--
INFO: Run Behavior\ReadHtmlCacheBehavior [ RunTime:0.000741s ]
INFO: Run Behavior\CheckLangBehavior [ RunTime:0.000707s ]
INFO: [ app_begin ] --END-- [ RunTime:0.001949s ]
NOTIC: [8] Undefined index: url /Applications/MAMP/htdocs/thinkcmfx/application/Common/Controller/AppframeController.class.php 第 24 行.

[ 2016-09-02T02:15:39+08:00 ] ::1 /thinkcmfx/index.php?g=user&m=index&a=is_login
INFO: [ app_begin ] --START--
INFO: Run Behavior\ReadHtmlCacheBehavior [ RunTime:0.000531s ]
INFO: Run Behavior\CheckLangBehavior [ RunTime:0.000549s ]
INFO: [ app_begin ] --END-- [ RunTime:0.001494s ]
NOTIC: [8] Undefined index: url /Applications/MAMP/htdocs/thinkcmfx/application/Common/Controller/AppframeController.class.php 第 24 行.

[ 2016-09-02T02:15:40+08:00 ] ::1 /thinkcmfx/index.php?g=user&m=index&a=is_login
INFO: [ app_begin ] --START--
INFO: Run Behavior\ReadHtmlCacheBehavior [ RunTime:0.000663s ]
INFO: Run Behavior\CheckLangBehavior [ RunTime:0.000692s ]
INFO: [ app_begin ] --END-- [ RunTime:0.002016s ]
NOTIC: [8] Undefined index: url /Applications/MAMP/htdocs/thinkcmfx/application/Common/Controller/AppframeController.class.php 第 24 行.

[ 2016-09-02T02:15:43+08:00 ] ::1 /thinkcmfx/index.php?g=user&m=index&a=is_login
INFO: [ app_begin ] --START--
INFO: Run Behavior\ReadHtmlCacheBehavior [ RunTime:0.001334s ]
INFO: Run Behavior\CheckLangBehavior [ RunTime:0.001188s ]
INFO: [ app_begin ] --END-- [ RunTime:0.003570s ]
NOTIC: [8] Undefined index: url /Applications/MAMP/htdocs/thinkcmfx/application/Common/Controller/AppframeController.class.php 第 24 行.

[ 2016-09-02T02:15:43+08:00 ] ::1 /thinkcmfx/index.php?g=user&m=index&a=is_login
INFO: [ app_begin ] --START--
INFO: Run Behavior\ReadHtmlCacheBehavior [ RunTime:0.000711s ]
INFO: Run Behavior\CheckLangBehavior [ RunTime:0.000651s ]
INFO: [ app_begin ] --END-- [ RunTime:0.001971s ]
NOTIC: [8] Undefined index: url /Applications/MAMP/htdocs/thinkcmfx/application/Common/Controller/AppframeController.class.php 第 24 行.

[ 2016-09-02T02:15:44+08:00 ] ::1 /thinkcmfx/index.php?g=user&m=index&a=is_login
INFO: [ app_begin ] --START--
INFO: Run Behavior\ReadHtmlCacheBehavior [ RunTime:0.000622s ]
INFO: Run Behavior\CheckLangBehavior [ RunTime:0.000559s ]
INFO: [ app_begin ] --END-- [ RunTime:0.001696s ]
NOTIC: [8] Undefined index: url /Applications/MAMP/htdocs/thinkcmfx/application/Common/Controller/AppframeController.class.php 第 24 行.

[ 2016-09-02T02:15:45+08:00 ] ::1 /thinkcmfx/index.php?g=user&m=index&a=is_login
INFO: [ app_begin ] --START--
INFO: Run Behavior\ReadHtmlCacheBehavior [ RunTime:0.000969s ]
INFO: Run Behavior\CheckLangBehavior [ RunTime:0.001412s ]
INFO: [ app_begin ] --END-- [ RunTime:0.003215s ]
NOTIC: [8] Undefined index: url /Applications/MAMP/htdocs/thinkcmfx/application/Common/Controller/AppframeController.class.php 第 24 行.

[ 2016-09-02T02:15:47+08:00 ] ::1 /thinkcmfx/index.php?g=user&m=index&a=is_login
INFO: [ app_begin ] --START--
INFO: Run Behavior\ReadHtmlCacheBehavior [ RunTime:0.000528s ]
INFO: Run Behavior\CheckLangBehavior [ RunTime:0.000580s ]
INFO: [ app_begin ] --END-- [ RunTime:0.001541s ]
NOTIC: [8] Undefined index: url /Applications/MAMP/htdocs/thinkcmfx/application/Common/Controller/AppframeController.class.php 第 24 行.

[ 2016-09-02T02:15:52+08:00 ] ::1 /thinkcmfx/index.php?g=user&m=index&a=is_login
INFO: [ app_begin ] --START--
INFO: Run Behavior\ReadHtmlCacheBehavior [ RunTime:0.000721s ]
INFO: Run Behavior\CheckLangBehavior [ RunTime:0.000708s ]
INFO: [ app_begin ] --END-- [ RunTime:0.001980s ]
NOTIC: [8] Undefined index: url /Applications/MAMP/htdocs/thinkcmfx/application/Common/Controller/AppframeController.class.php 第 24 行.

[ 2016-09-02T02:15:54+08:00 ] ::1 /thinkcmfx/index.php?g=user&m=index&a=is_login
INFO: [ app_begin ] --START--
INFO: Run Behavior\ReadHtmlCacheBehavior [ RunTime:0.000543s ]
INFO: Run Behavior\CheckLangBehavior [ RunTime:0.000876s ]
INFO: [ app_begin ] --END-- [ RunTime:0.001872s ]
NOTIC: [8] Undefined index: url /Applications/MAMP/htdocs/thinkcmfx/application/Common/Controller/AppframeController.class.php 第 24 行.

[ 2016-09-02T02:15:55+08:00 ] ::1 /thinkcmfx/index.php?g=user&m=index&a=is_login
INFO: [ app_begin ] --START--
INFO: Run Behavior\ReadHtmlCacheBehavior [ RunTime:0.000599s ]
INFO: Run Behavior\CheckLangBehavior [ RunTime:0.000808s ]
INFO: [ app_begin ] --END-- [ RunTime:0.001906s ]
NOTIC: [8] Undefined index: url /Applications/MAMP/htdocs/thinkcmfx/application/Common/Controller/AppframeController.class.php 第 24 行.

[ 2016-09-02T02:15:56+08:00 ] ::1 /thinkcmfx/index.php?g=user&m=index&a=is_login
INFO: [ app_begin ] --START--
INFO: Run Behavior\ReadHtmlCacheBehavior [ RunTime:0.000988s ]
INFO: Run Behavior\CheckLangBehavior [ RunTime:0.001705s ]
INFO: [ app_begin ] --END-- [ RunTime:0.003409s ]
NOTIC: [8] Undefined index: url /Applications/MAMP/htdocs/thinkcmfx/application/Common/Controller/AppframeController.class.php 第 24 行.

[ 2016-09-02T02:15:57+08:00 ] ::1 /thinkcmfx/index.php?g=user&m=index&a=is_login
INFO: [ app_begin ] --START--
INFO: Run Behavior\ReadHtmlCacheBehavior [ RunTime:0.000614s ]
INFO: Run Behavior\CheckLangBehavior [ RunTime:0.000633s ]
INFO: [ app_begin ] --END-- [ RunTime:0.001906s ]
NOTIC: [8] Undefined index: url /Applications/MAMP/htdocs/thinkcmfx/application/Common/Controller/AppframeController.class.php 第 24 行.

[ 2016-09-02T02:15:58+08:00 ] ::1 /thinkcmfx/index.php?g=user&m=index&a=is_login
INFO: [ app_begin ] --START--
INFO: Run Behavior\ReadHtmlCacheBehavior [ RunTime:0.000710s ]
INFO: Run Behavior\CheckLangBehavior [ RunTime:0.000692s ]
INFO: [ app_begin ] --END-- [ RunTime:0.002084s ]
NOTIC: [8] Undefined index: url /Applications/MAMP/htdocs/thinkcmfx/application/Common/Controller/AppframeController.class.php 第 24 行.

[ 2016-09-02T02:15:58+08:00 ] ::1 /thinkcmfx/index.php?g=user&m=index&a=is_login
INFO: [ app_begin ] --START--
INFO: Run Behavior\ReadHtmlCacheBehavior [ RunTime:0.000542s ]
INFO: Run Behavior\CheckLangBehavior [ RunTime:0.000562s ]
INFO: [ app_begin ] --END-- [ RunTime:0.001574s ]
NOTIC: [8] Undefined index: url /Applications/MAMP/htdocs/thinkcmfx/application/Common/Controller/AppframeController.class.php 第 24 行.

