[ 2016-08-31T02:53:38+08:00 ] ::1 /thinkcmfx/index.php?g=user&m=index&a=is_login
INFO: [ app_begin ] --START--
INFO: Run Behavior\ReadHtmlCacheBehavior [ RunTime:0.001615s ]
INFO: Run Behavior\CheckLangBehavior [ RunTime:0.001168s ]
INFO: [ app_begin ] --END-- [ RunTime:0.004647s ]
NOTIC: [8] Undefined index: url /Applications/MAMP/htdocs/thinkcmfx/application/Common/Controller/AppframeController.class.php 第 24 行.

[ 2016-08-31T02:53:40+08:00 ] ::1 /thinkcmfx/index.php?g=user&m=index&a=is_login
INFO: [ app_begin ] --START--
INFO: Run Behavior\ReadHtmlCacheBehavior [ RunTime:0.000973s ]
INFO: Run Behavior\CheckLangBehavior [ RunTime:0.000862s ]
INFO: [ app_begin ] --END-- [ RunTime:0.002297s ]
NOTIC: [8] Undefined index: url /Applications/MAMP/htdocs/thinkcmfx/application/Common/Controller/AppframeController.class.php 第 24 行.

[ 2016-08-31T02:54:37+08:00 ] ::1 /thinkcmfx/index.php?g=user&m=index&a=is_login
INFO: [ app_begin ] --START--
INFO: Run Behavior\ReadHtmlCacheBehavior [ RunTime:0.001036s ]
INFO: Run Behavior\CheckLangBehavior [ RunTime:0.000893s ]
INFO: [ app_begin ] --END-- [ RunTime:0.002905s ]
NOTIC: [8] Undefined index: url /Applications/MAMP/htdocs/thinkcmfx/application/Common/Controller/AppframeController.class.php 第 24 行.

[ 2016-08-31T02:55:03+08:00 ] ::1 /thinkcmfx/index.php?g=user&m=index&a=is_login
INFO: [ app_begin ] --START--
INFO: Run Behavior\ReadHtmlCacheBehavior [ RunTime:0.001069s ]
INFO: Run Behavior\CheckLangBehavior [ RunTime:0.001664s ]
INFO: [ app_begin ] --END-- [ RunTime:0.003619s ]
NOTIC: [8] Undefined index: url /Applications/MAMP/htdocs/thinkcmfx/application/Common/Controller/AppframeController.class.php 第 24 行.

[ 2016-08-31T02:55:09+08:00 ] ::1 /thinkcmfx/index.php?g=user&m=favorite&a=do_favorite&id=3
INFO: [ app_begin ] --START--
INFO: Run Behavior\ReadHtmlCacheBehavior [ RunTime:0.000753s ]
INFO: Run Behavior\CheckLangBehavior [ RunTime:0.000772s ]
INFO: [ app_begin ] --END-- [ RunTime:0.002196s ]

[ 2016-08-31T02:55:42+08:00 ] ::1 /thinkcmfx/index.php?g=user&m=index&a=is_login
INFO: [ app_begin ] --START--
INFO: Run Behavior\ReadHtmlCacheBehavior [ RunTime:0.000625s ]
INFO: Run Behavior\CheckLangBehavior [ RunTime:0.000673s ]
INFO: [ app_begin ] --END-- [ RunTime:0.001703s ]
NOTIC: [8] Undefined index: url /Applications/MAMP/htdocs/thinkcmfx/application/Common/Controller/AppframeController.class.php 第 24 行.

[ 2016-08-31T02:56:16+08:00 ] ::1 /thinkcmfx/index.php?g=user&m=index&a=is_login
INFO: [ app_begin ] --START--
INFO: Run Behavior\ReadHtmlCacheBehavior [ RunTime:0.001130s ]
INFO: Run Behavior\CheckLangBehavior [ RunTime:0.002066s ]
INFO: [ app_begin ] --END-- [ RunTime:0.004374s ]
NOTIC: [8] Undefined index: url /Applications/MAMP/htdocs/thinkcmfx/application/Common/Controller/AppframeController.class.php 第 24 行.

[ 2016-08-31T02:56:17+08:00 ] ::1 /thinkcmfx/index.php?g=user&m=index&a=is_login
INFO: [ app_begin ] --START--
INFO: Run Behavior\ReadHtmlCacheBehavior [ RunTime:0.000503s ]
INFO: Run Behavior\CheckLangBehavior [ RunTime:0.000511s ]
INFO: [ app_begin ] --END-- [ RunTime:0.001392s ]
NOTIC: [8] Undefined index: url /Applications/MAMP/htdocs/thinkcmfx/application/Common/Controller/AppframeController.class.php 第 24 行.

[ 2016-08-31T02:57:48+08:00 ] ::1 /thinkcmfx/index.php?g=user&m=index&a=is_login
INFO: [ app_begin ] --START--
INFO: Run Behavior\ReadHtmlCacheBehavior [ RunTime:0.000570s ]
INFO: Run Behavior\CheckLangBehavior [ RunTime:0.000535s ]
INFO: [ app_begin ] --END-- [ RunTime:0.001610s ]
NOTIC: [8] Undefined index: url /Applications/MAMP/htdocs/thinkcmfx/application/Common/Controller/AppframeController.class.php 第 24 行.

[ 2016-08-31T02:58:13+08:00 ] ::1 /thinkcmfx/index.php?g=user&m=index&a=is_login
INFO: [ app_begin ] --START--
INFO: Run Behavior\ReadHtmlCacheBehavior [ RunTime:0.000502s ]
INFO: Run Behavior\CheckLangBehavior [ RunTime:0.000590s ]
INFO: [ app_begin ] --END-- [ RunTime:0.001498s ]
NOTIC: [8] Undefined index: url /Applications/MAMP/htdocs/thinkcmfx/application/Common/Controller/AppframeController.class.php 第 24 行.

[ 2016-08-31T02:58:47+08:00 ] ::1 /thinkcmfx/index.php?g=user&m=index&a=is_login
INFO: [ app_begin ] --START--
INFO: Run Behavior\ReadHtmlCacheBehavior [ RunTime:0.000532s ]
INFO: Run Behavior\CheckLangBehavior [ RunTime:0.000797s ]
INFO: [ app_begin ] --END-- [ RunTime:0.001837s ]
NOTIC: [8] Undefined index: url /Applications/MAMP/htdocs/thinkcmfx/application/Common/Controller/AppframeController.class.php 第 24 行.

[ 2016-08-31T02:58:48+08:00 ] ::1 /thinkcmfx/index.php?g=user&m=index&a=is_login
INFO: [ app_begin ] --START--
INFO: Run Behavior\ReadHtmlCacheBehavior [ RunTime:0.000723s ]
INFO: Run Behavior\CheckLangBehavior [ RunTime:0.000721s ]
INFO: [ app_begin ] --END-- [ RunTime:0.001914s ]
NOTIC: [8] Undefined index: url /Applications/MAMP/htdocs/thinkcmfx/application/Common/Controller/AppframeController.class.php 第 24 行.

[ 2016-08-31T02:58:51+08:00 ] ::1 /thinkcmfx/index.php?g=user&m=index&a=is_login
INFO: [ app_begin ] --START--
INFO: Run Behavior\ReadHtmlCacheBehavior [ RunTime:0.000545s ]
INFO: Run Behavior\CheckLangBehavior [ RunTime:0.000521s ]
INFO: [ app_begin ] --END-- [ RunTime:0.001464s ]
NOTIC: [8] Undefined index: url /Applications/MAMP/htdocs/thinkcmfx/application/Common/Controller/AppframeController.class.php 第 24 行.

[ 2016-08-31T02:58:57+08:00 ] ::1 /thinkcmfx/index.php?g=user&m=index&a=is_login
INFO: [ app_begin ] --START--
INFO: Run Behavior\ReadHtmlCacheBehavior [ RunTime:0.000963s ]
INFO: Run Behavior\CheckLangBehavior [ RunTime:0.001399s ]
INFO: [ app_begin ] --END-- [ RunTime:0.003234s ]
NOTIC: [8] Undefined index: url /Applications/MAMP/htdocs/thinkcmfx/application/Common/Controller/AppframeController.class.php 第 24 行.

[ 2016-08-31T02:59:09+08:00 ] ::1 /thinkcmfx/index.php?g=user&m=index&a=is_login
INFO: [ app_begin ] --START--
INFO: Run Behavior\ReadHtmlCacheBehavior [ RunTime:0.000486s ]
INFO: Run Behavior\CheckLangBehavior [ RunTime:0.000498s ]
INFO: [ app_begin ] --END-- [ RunTime:0.001356s ]
NOTIC: [8] Undefined index: url /Applications/MAMP/htdocs/thinkcmfx/application/Common/Controller/AppframeController.class.php 第 24 行.

[ 2016-08-31T02:59:19+08:00 ] ::1 /thinkcmfx/index.php?g=user&m=index&a=is_login
INFO: [ app_begin ] --START--
INFO: Run Behavior\ReadHtmlCacheBehavior [ RunTime:0.001068s ]
INFO: Run Behavior\CheckLangBehavior [ RunTime:0.000889s ]
INFO: [ app_begin ] --END-- [ RunTime:0.002868s ]
NOTIC: [8] Undefined index: url /Applications/MAMP/htdocs/thinkcmfx/application/Common/Controller/AppframeController.class.php 第 24 行.

[ 2016-08-31T03:17:33+08:00 ] ::1 /thinkcmfx/index.php?g=user&m=index&a=is_login
INFO: [ app_begin ] --START--
INFO: Run Behavior\ReadHtmlCacheBehavior [ RunTime:0.000552s ]
INFO: Run Behavior\CheckLangBehavior [ RunTime:0.000601s ]
INFO: [ app_begin ] --END-- [ RunTime:0.001598s ]
NOTIC: [8] Undefined index: url /Applications/MAMP/htdocs/thinkcmfx/application/Common/Controller/AppframeController.class.php 第 24 行.

[ 2016-08-31T03:32:53+08:00 ] ::1 /thinkcmfx/index.php?g=user&m=index&a=is_login
INFO: [ app_begin ] --START--
INFO: Run Behavior\ReadHtmlCacheBehavior [ RunTime:0.000676s ]
INFO: Run Behavior\CheckLangBehavior [ RunTime:0.000662s ]
INFO: [ app_begin ] --END-- [ RunTime:0.002071s ]
NOTIC: [8] Undefined index: url /Applications/MAMP/htdocs/thinkcmfx/application/Common/Controller/AppframeController.class.php 第 24 行.

[ 2016-08-31T03:33:40+08:00 ] ::1 /thinkcmfx/index.php?g=user&m=index&a=is_login
INFO: [ app_begin ] --START--
INFO: Run Behavior\ReadHtmlCacheBehavior [ RunTime:0.000670s ]
INFO: Run Behavior\CheckLangBehavior [ RunTime:0.000806s ]
INFO: [ app_begin ] --END-- [ RunTime:0.002127s ]
NOTIC: [8] Undefined index: url /Applications/MAMP/htdocs/thinkcmfx/application/Common/Controller/AppframeController.class.php 第 24 行.

[ 2016-08-31T03:33:45+08:00 ] ::1 /thinkcmfx/index.php?g=user&m=index&a=is_login
INFO: [ app_begin ] --START--
INFO: Run Behavior\ReadHtmlCacheBehavior [ RunTime:0.000742s ]
INFO: Run Behavior\CheckLangBehavior [ RunTime:0.000669s ]
INFO: [ app_begin ] --END-- [ RunTime:0.001955s ]
NOTIC: [8] Undefined index: url /Applications/MAMP/htdocs/thinkcmfx/application/Common/Controller/AppframeController.class.php 第 24 行.

[ 2016-08-31T03:41:41+08:00 ] ::1 /thinkcmfx/index.php?g=user&m=index&a=is_login
INFO: [ app_begin ] --START--
INFO: Run Behavior\ReadHtmlCacheBehavior [ RunTime:0.000882s ]
INFO: Run Behavior\CheckLangBehavior [ RunTime:0.001051s ]
INFO: [ app_begin ] --END-- [ RunTime:0.003388s ]
NOTIC: [8] Undefined index: url /Applications/MAMP/htdocs/thinkcmfx/application/Common/Controller/AppframeController.class.php 第 24 行.

[ 2016-08-31T03:41:45+08:00 ] ::1 /thinkcmfx/index.php?g=user&m=index&a=is_login
INFO: [ app_begin ] --START--
INFO: Run Behavior\ReadHtmlCacheBehavior [ RunTime:0.000623s ]
INFO: Run Behavior\CheckLangBehavior [ RunTime:0.000818s ]
INFO: [ app_begin ] --END-- [ RunTime:0.001955s ]
NOTIC: [8] Undefined index: url /Applications/MAMP/htdocs/thinkcmfx/application/Common/Controller/AppframeController.class.php 第 24 行.

[ 2016-08-31T03:41:47+08:00 ] ::1 /thinkcmfx/index.php?g=user&m=index&a=is_login
INFO: [ app_begin ] --START--
INFO: Run Behavior\ReadHtmlCacheBehavior [ RunTime:0.000490s ]
INFO: Run Behavior\CheckLangBehavior [ RunTime:0.000507s ]
INFO: [ app_begin ] --END-- [ RunTime:0.001367s ]
NOTIC: [8] Undefined index: url /Applications/MAMP/htdocs/thinkcmfx/application/Common/Controller/AppframeController.class.php 第 24 行.

[ 2016-08-31T03:42:56+08:00 ] ::1 /thinkcmfx/index.php?g=user&m=index&a=is_login
INFO: [ app_begin ] --START--
INFO: Run Behavior\ReadHtmlCacheBehavior [ RunTime:0.000557s ]
INFO: Run Behavior\CheckLangBehavior [ RunTime:0.000709s ]
INFO: [ app_begin ] --END-- [ RunTime:0.001720s ]
NOTIC: [8] Undefined index: url /Applications/MAMP/htdocs/thinkcmfx/application/Common/Controller/AppframeController.class.php 第 24 行.

[ 2016-08-31T03:46:40+08:00 ] ::1 /thinkcmfx/index.php?g=user&m=index&a=is_login
INFO: [ app_begin ] --START--
INFO: Run Behavior\ReadHtmlCacheBehavior [ RunTime:0.000781s ]
INFO: Run Behavior\CheckLangBehavior [ RunTime:0.000637s ]
INFO: [ app_begin ] --END-- [ RunTime:0.001904s ]
NOTIC: [8] Undefined index: url /Applications/MAMP/htdocs/thinkcmfx/application/Common/Controller/AppframeController.class.php 第 24 行.

[ 2016-08-31T03:46:42+08:00 ] ::1 /thinkcmfx/index.php?g=user&m=index&a=is_login
INFO: [ app_begin ] --START--
INFO: Run Behavior\ReadHtmlCacheBehavior [ RunTime:0.000505s ]
INFO: Run Behavior\CheckLangBehavior [ RunTime:0.000517s ]
INFO: [ app_begin ] --END-- [ RunTime:0.001402s ]
NOTIC: [8] Undefined index: url /Applications/MAMP/htdocs/thinkcmfx/application/Common/Controller/AppframeController.class.php 第 24 行.

[ 2016-08-31T03:46:55+08:00 ] ::1 /thinkcmfx/index.php?g=user&m=index&a=is_login
INFO: [ app_begin ] --START--
INFO: Run Behavior\ReadHtmlCacheBehavior [ RunTime:0.000578s ]
INFO: Run Behavior\CheckLangBehavior [ RunTime:0.000549s ]
INFO: [ app_begin ] --END-- [ RunTime:0.002266s ]
NOTIC: [8] Undefined index: url /Applications/MAMP/htdocs/thinkcmfx/application/Common/Controller/AppframeController.class.php 第 24 行.

[ 2016-08-31T03:46:57+08:00 ] ::1 /thinkcmfx/index.php?g=user&m=index&a=is_login
INFO: [ app_begin ] --START--
INFO: Run Behavior\ReadHtmlCacheBehavior [ RunTime:0.000568s ]
INFO: Run Behavior\CheckLangBehavior [ RunTime:0.000568s ]
INFO: [ app_begin ] --END-- [ RunTime:0.001620s ]
NOTIC: [8] Undefined index: url /Applications/MAMP/htdocs/thinkcmfx/application/Common/Controller/AppframeController.class.php 第 24 行.

[ 2016-08-31T03:47:06+08:00 ] ::1 /thinkcmfx/index.php?g=user&m=index&a=is_login
INFO: [ app_begin ] --START--
INFO: Run Behavior\ReadHtmlCacheBehavior [ RunTime:0.000533s ]
INFO: Run Behavior\CheckLangBehavior [ RunTime:0.000522s ]
INFO: [ app_begin ] --END-- [ RunTime:0.001520s ]
NOTIC: [8] Undefined index: url /Applications/MAMP/htdocs/thinkcmfx/application/Common/Controller/AppframeController.class.php 第 24 行.

[ 2016-08-31T03:47:24+08:00 ] ::1 /thinkcmfx/index.php?g=user&m=index&a=is_login
INFO: [ app_begin ] --START--
INFO: Run Behavior\ReadHtmlCacheBehavior [ RunTime:0.000586s ]
INFO: Run Behavior\CheckLangBehavior [ RunTime:0.000801s ]
INFO: [ app_begin ] --END-- [ RunTime:0.002076s ]
NOTIC: [8] Undefined index: url /Applications/MAMP/htdocs/thinkcmfx/application/Common/Controller/AppframeController.class.php 第 24 行.

[ 2016-08-31T10:46:16+08:00 ] ::1 /thinkcmfx/index.php?g=user&m=index&a=is_login
INFO: [ app_begin ] --START--
INFO: Run Behavior\ReadHtmlCacheBehavior [ RunTime:0.000865s ]
INFO: Run Behavior\CheckLangBehavior [ RunTime:0.000872s ]
INFO: [ app_begin ] --END-- [ RunTime:0.002477s ]
NOTIC: [8] Undefined index: url /Applications/MAMP/htdocs/thinkcmfx/application/Common/Controller/AppframeController.class.php 第 24 行.

