[ 2016-10-30T23:24:00+08:00 ] ::1 /ThinkCMFX/index.php?g=user&m=index&a=is_login
INFO: [ app_begin ] --START--
INFO: Run Behavior\ReadHtmlCacheBehavior [ RunTime:0.001184s ]
INFO: Run Behavior\CheckLangBehavior [ RunTime:0.001370s ]
INFO: [ app_begin ] --END-- [ RunTime:0.003679s ]
NOTIC: [8] Undefined index: url /Applications/MAMP/htdocs/ThinkCMFX/application/Common/Controller/AppframeController.class.php 第 24 行.

[ 2016-10-30T23:24:04+08:00 ] ::1 /ThinkCMFX/index.php?g=user&m=index&a=is_login
INFO: [ app_begin ] --START--
INFO: Run Behavior\ReadHtmlCacheBehavior [ RunTime:0.001094s ]
INFO: Run Behavior\CheckLangBehavior [ RunTime:0.001595s ]
INFO: [ app_begin ] --END-- [ RunTime:0.004315s ]
NOTIC: [8] Undefined index: url /Applications/MAMP/htdocs/ThinkCMFX/application/Common/Controller/AppframeController.class.php 第 24 行.

[ 2016-10-30T23:24:05+08:00 ] ::1 /ThinkCMFX/index.php?g=user&m=index&a=is_login
INFO: [ app_begin ] --START--
INFO: Run Behavior\ReadHtmlCacheBehavior [ RunTime:0.000770s ]
INFO: Run Behavior\CheckLangBehavior [ RunTime:0.000743s ]
INFO: [ app_begin ] --END-- [ RunTime:0.002069s ]
NOTIC: [8] Undefined index: url /Applications/MAMP/htdocs/ThinkCMFX/application/Common/Controller/AppframeController.class.php 第 24 行.

[ 2016-10-30T23:24:07+08:00 ] ::1 /ThinkCMFX/index.php?g=user&m=index&a=is_login
INFO: [ app_begin ] --START--
INFO: Run Behavior\ReadHtmlCacheBehavior [ RunTime:0.001457s ]
INFO: Run Behavior\CheckLangBehavior [ RunTime:0.001081s ]
INFO: [ app_begin ] --END-- [ RunTime:0.003890s ]
NOTIC: [8] Undefined index: url /Applications/MAMP/htdocs/ThinkCMFX/application/Common/Controller/AppframeController.class.php 第 24 行.

[ 2016-10-30T23:24:08+08:00 ] ::1 /ThinkCMFX/index.php?g=user&m=index&a=is_login
INFO: [ app_begin ] --START--
INFO: Run Behavior\ReadHtmlCacheBehavior [ RunTime:0.001175s ]
INFO: Run Behavior\CheckLangBehavior [ RunTime:0.000956s ]
INFO: [ app_begin ] --END-- [ RunTime:0.002898s ]
NOTIC: [8] Undefined index: url /Applications/MAMP/htdocs/ThinkCMFX/application/Common/Controller/AppframeController.class.php 第 24 行.

[ 2016-10-30T23:24:10+08:00 ] ::1 /ThinkCMFX/index.php?g=user&m=index&a=is_login
INFO: [ app_begin ] --START--
INFO: Run Behavior\ReadHtmlCacheBehavior [ RunTime:0.000922s ]
INFO: Run Behavior\CheckLangBehavior [ RunTime:0.000899s ]
INFO: [ app_begin ] --END-- [ RunTime:0.002538s ]
NOTIC: [8] Undefined index: url /Applications/MAMP/htdocs/ThinkCMFX/application/Common/Controller/AppframeController.class.php 第 24 行.

[ 2016-10-30T23:24:11+08:00 ] ::1 /ThinkCMFX/index.php?g=user&m=index&a=is_login
INFO: [ app_begin ] --START--
INFO: Run Behavior\ReadHtmlCacheBehavior [ RunTime:0.000605s ]
INFO: Run Behavior\CheckLangBehavior [ RunTime:0.000518s ]
INFO: [ app_begin ] --END-- [ RunTime:0.001720s ]
NOTIC: [8] Undefined index: url /Applications/MAMP/htdocs/ThinkCMFX/application/Common/Controller/AppframeController.class.php 第 24 行.

[ 2016-10-30T23:24:15+08:00 ] ::1 /ThinkCMFX/index.php?g=user&m=index&a=is_login
INFO: [ app_begin ] --START--
INFO: Run Behavior\ReadHtmlCacheBehavior [ RunTime:0.001008s ]
INFO: Run Behavior\CheckLangBehavior [ RunTime:0.007566s ]
INFO: [ app_begin ] --END-- [ RunTime:0.009538s ]
NOTIC: [8] Undefined index: url /Applications/MAMP/htdocs/ThinkCMFX/application/Common/Controller/AppframeController.class.php 第 24 行.

[ 2016-10-30T23:24:16+08:00 ] ::1 /ThinkCMFX/index.php?g=user&m=index&a=is_login
INFO: [ app_begin ] --START--
INFO: Run Behavior\ReadHtmlCacheBehavior [ RunTime:0.001032s ]
INFO: Run Behavior\CheckLangBehavior [ RunTime:0.002584s ]
INFO: [ app_begin ] --END-- [ RunTime:0.004712s ]
NOTIC: [8] Undefined index: url /Applications/MAMP/htdocs/ThinkCMFX/application/Common/Controller/AppframeController.class.php 第 24 行.

[ 2016-10-30T23:33:23+08:00 ] ::1 /ThinkCMFX/index.php?g=user&m=index&a=is_login
INFO: [ app_begin ] --START--
INFO: Run Behavior\ReadHtmlCacheBehavior [ RunTime:0.002642s ]
INFO: Run Behavior\CheckLangBehavior [ RunTime:0.002427s ]
INFO: [ app_begin ] --END-- [ RunTime:0.006373s ]
NOTIC: [8] Undefined index: url /Applications/MAMP/htdocs/ThinkCMFX/application/Common/Controller/AppframeController.class.php 第 24 行.

[ 2016-10-30T23:33:28+08:00 ] ::1 /ThinkCMFX/index.php?g=user&m=index&a=is_login
INFO: [ app_begin ] --START--
INFO: Run Behavior\ReadHtmlCacheBehavior [ RunTime:0.001080s ]
INFO: Run Behavior\CheckLangBehavior [ RunTime:0.002269s ]
INFO: [ app_begin ] --END-- [ RunTime:0.004241s ]
NOTIC: [8] Undefined index: url /Applications/MAMP/htdocs/ThinkCMFX/application/Common/Controller/AppframeController.class.php 第 24 行.

[ 2016-10-30T23:33:31+08:00 ] ::1 /ThinkCMFX/index.php?g=user&m=index&a=is_login
INFO: [ app_begin ] --START--
INFO: Run Behavior\ReadHtmlCacheBehavior [ RunTime:0.001138s ]
INFO: Run Behavior\CheckLangBehavior [ RunTime:0.001005s ]
INFO: [ app_begin ] --END-- [ RunTime:0.003144s ]
NOTIC: [8] Undefined index: url /Applications/MAMP/htdocs/ThinkCMFX/application/Common/Controller/AppframeController.class.php 第 24 行.

[ 2016-10-30T23:33:33+08:00 ] ::1 /ThinkCMFX/index.php?g=user&m=index&a=is_login
INFO: [ app_begin ] --START--
INFO: Run Behavior\ReadHtmlCacheBehavior [ RunTime:0.001198s ]
INFO: Run Behavior\CheckLangBehavior [ RunTime:0.001158s ]
INFO: [ app_begin ] --END-- [ RunTime:0.003295s ]
NOTIC: [8] Undefined index: url /Applications/MAMP/htdocs/ThinkCMFX/application/Common/Controller/AppframeController.class.php 第 24 行.

[ 2016-10-30T23:33:34+08:00 ] ::1 /ThinkCMFX/index.php?g=user&m=index&a=is_login
INFO: [ app_begin ] --START--
INFO: Run Behavior\ReadHtmlCacheBehavior [ RunTime:0.001383s ]
INFO: Run Behavior\CheckLangBehavior [ RunTime:0.001244s ]
INFO: [ app_begin ] --END-- [ RunTime:0.003889s ]
NOTIC: [8] Undefined index: url /Applications/MAMP/htdocs/ThinkCMFX/application/Common/Controller/AppframeController.class.php 第 24 行.

[ 2016-10-30T23:33:36+08:00 ] ::1 /ThinkCMFX/index.php?g=user&m=index&a=is_login
INFO: [ app_begin ] --START--
INFO: Run Behavior\ReadHtmlCacheBehavior [ RunTime:0.001108s ]
INFO: Run Behavior\CheckLangBehavior [ RunTime:0.001737s ]
INFO: [ app_begin ] --END-- [ RunTime:0.003809s ]
NOTIC: [8] Undefined index: url /Applications/MAMP/htdocs/ThinkCMFX/application/Common/Controller/AppframeController.class.php 第 24 行.

[ 2016-10-30T23:33:37+08:00 ] ::1 /ThinkCMFX/index.php?g=user&m=index&a=is_login
INFO: [ app_begin ] --START--
INFO: Run Behavior\ReadHtmlCacheBehavior [ RunTime:0.001408s ]
INFO: Run Behavior\CheckLangBehavior [ RunTime:0.002579s ]
INFO: [ app_begin ] --END-- [ RunTime:0.004957s ]
NOTIC: [8] Undefined index: url /Applications/MAMP/htdocs/ThinkCMFX/application/Common/Controller/AppframeController.class.php 第 24 行.

[ 2016-10-30T23:33:38+08:00 ] ::1 /ThinkCMFX/index.php?g=user&m=index&a=is_login
INFO: [ app_begin ] --START--
INFO: Run Behavior\ReadHtmlCacheBehavior [ RunTime:0.001740s ]
INFO: Run Behavior\CheckLangBehavior [ RunTime:0.001162s ]
INFO: [ app_begin ] --END-- [ RunTime:0.004819s ]
NOTIC: [8] Undefined index: url /Applications/MAMP/htdocs/ThinkCMFX/application/Common/Controller/AppframeController.class.php 第 24 行.

[ 2016-10-30T23:33:38+08:00 ] ::1 /ThinkCMFX/index.php?g=user&m=index&a=is_login
INFO: [ app_begin ] --START--
INFO: Run Behavior\ReadHtmlCacheBehavior [ RunTime:0.001396s ]
INFO: Run Behavior\CheckLangBehavior [ RunTime:0.002126s ]
INFO: [ app_begin ] --END-- [ RunTime:0.005333s ]
NOTIC: [8] Undefined index: url /Applications/MAMP/htdocs/ThinkCMFX/application/Common/Controller/AppframeController.class.php 第 24 行.

[ 2016-10-30T23:33:47+08:00 ] ::1 /ThinkCMFX/index.php?g=user&m=index&a=is_login
INFO: [ app_begin ] --START--
INFO: Run Behavior\ReadHtmlCacheBehavior [ RunTime:0.000856s ]
INFO: Run Behavior\CheckLangBehavior [ RunTime:0.000966s ]
INFO: [ app_begin ] --END-- [ RunTime:0.002445s ]
NOTIC: [8] Undefined index: url /Applications/MAMP/htdocs/ThinkCMFX/application/Common/Controller/AppframeController.class.php 第 24 行.

[ 2016-10-30T23:33:53+08:00 ] ::1 /ThinkCMFX/index.php?g=user&m=index&a=is_login
INFO: [ app_begin ] --START--
INFO: Run Behavior\ReadHtmlCacheBehavior [ RunTime:0.001084s ]
INFO: Run Behavior\CheckLangBehavior [ RunTime:0.000966s ]
INFO: [ app_begin ] --END-- [ RunTime:0.003928s ]
NOTIC: [8] Undefined index: url /Applications/MAMP/htdocs/ThinkCMFX/application/Common/Controller/AppframeController.class.php 第 24 行.

