[ 2016-11-13T02:13:28+08:00 ] ::1 /ThinkCMFX/index.php?g=user&m=index&a=is_login
INFO: [ app_begin ] --START--
INFO: Run Behavior\ReadHtmlCacheBehavior [ RunTime:0.002033s ]
INFO: Run Behavior\CheckLangBehavior [ RunTime:0.001426s ]
INFO: [ app_begin ] --END-- [ RunTime:0.004583s ]
NOTIC: [8] Undefined index: url /Applications/MAMP/htdocs/ThinkCMFX/application/Common/Controller/AppframeController.class.php 第 24 行.

[ 2016-11-13T02:13:30+08:00 ] ::1 /ThinkCMFX/index.php?g=user&m=index&a=is_login
INFO: [ app_begin ] --START--
INFO: Run Behavior\ReadHtmlCacheBehavior [ RunTime:0.006312s ]
INFO: Run Behavior\CheckLangBehavior [ RunTime:0.006659s ]
INFO: [ app_begin ] --END-- [ RunTime:0.019353s ]
NOTIC: [8] Undefined index: url /Applications/MAMP/htdocs/ThinkCMFX/application/Common/Controller/AppframeController.class.php 第 24 行.

[ 2016-11-13T02:13:45+08:00 ] ::1 /ThinkCMFX/index.php?g=user&m=index&a=is_login
INFO: [ app_begin ] --START--
INFO: Run Behavior\ReadHtmlCacheBehavior [ RunTime:0.003284s ]
INFO: Run Behavior\CheckLangBehavior [ RunTime:0.001810s ]
INFO: [ app_begin ] --END-- [ RunTime:0.005965s ]
NOTIC: [8] Undefined index: url /Applications/MAMP/htdocs/ThinkCMFX/application/Common/Controller/AppframeController.class.php 第 24 行.

[ 2016-11-13T02:13:46+08:00 ] ::1 /ThinkCMFX/index.php?g=user&m=index&a=is_login
INFO: [ app_begin ] --START--
INFO: Run Behavior\ReadHtmlCacheBehavior [ RunTime:0.001130s ]
INFO: Run Behavior\CheckLangBehavior [ RunTime:0.001026s ]
INFO: [ app_begin ] --END-- [ RunTime:0.002876s ]
NOTIC: [8] Undefined index: url /Applications/MAMP/htdocs/ThinkCMFX/application/Common/Controller/AppframeController.class.php 第 24 行.

[ 2016-11-13T02:13:50+08:00 ] ::1 /ThinkCMFX/index.php?g=user&m=index&a=is_login
INFO: [ app_begin ] --START--
INFO: Run Behavior\ReadHtmlCacheBehavior [ RunTime:0.001488s ]
INFO: Run Behavior\CheckLangBehavior [ RunTime:0.001141s ]
INFO: [ app_begin ] --END-- [ RunTime:0.005029s ]
NOTIC: [8] Undefined index: url /Applications/MAMP/htdocs/ThinkCMFX/application/Common/Controller/AppframeController.class.php 第 24 行.

[ 2016-11-13T02:13:54+08:00 ] ::1 /ThinkCMFX/index.php?g=user&m=index&a=is_login
INFO: [ app_begin ] --START--
INFO: Run Behavior\ReadHtmlCacheBehavior [ RunTime:0.001424s ]
INFO: Run Behavior\CheckLangBehavior [ RunTime:0.001317s ]
INFO: [ app_begin ] --END-- [ RunTime:0.003654s ]
NOTIC: [8] Undefined index: url /Applications/MAMP/htdocs/ThinkCMFX/application/Common/Controller/AppframeController.class.php 第 24 行.

[ 2016-11-13T02:14:05+08:00 ] ::1 /ThinkCMFX/index.php?g=user&m=index&a=is_login
INFO: [ app_begin ] --START--
INFO: Run Behavior\ReadHtmlCacheBehavior [ RunTime:0.001444s ]
INFO: Run Behavior\CheckLangBehavior [ RunTime:0.001266s ]
INFO: [ app_begin ] --END-- [ RunTime:0.004297s ]
NOTIC: [8] Undefined index: url /Applications/MAMP/htdocs/ThinkCMFX/application/Common/Controller/AppframeController.class.php 第 24 行.

[ 2016-11-13T02:14:06+08:00 ] ::1 /ThinkCMFX/index.php?g=user&m=index&a=is_login
INFO: [ app_begin ] --START--
INFO: Run Behavior\ReadHtmlCacheBehavior [ RunTime:0.001143s ]
INFO: Run Behavior\CheckLangBehavior [ RunTime:0.001027s ]
INFO: [ app_begin ] --END-- [ RunTime:0.003107s ]
NOTIC: [8] Undefined index: url /Applications/MAMP/htdocs/ThinkCMFX/application/Common/Controller/AppframeController.class.php 第 24 行.

[ 2016-11-13T02:14:07+08:00 ] ::1 /ThinkCMFX/index.php?g=user&m=index&a=is_login
INFO: [ app_begin ] --START--
INFO: Run Behavior\ReadHtmlCacheBehavior [ RunTime:0.004111s ]
INFO: Run Behavior\CheckLangBehavior [ RunTime:0.001249s ]
INFO: [ app_begin ] --END-- [ RunTime:0.006178s ]
NOTIC: [8] Undefined index: url /Applications/MAMP/htdocs/ThinkCMFX/application/Common/Controller/AppframeController.class.php 第 24 行.

[ 2016-11-13T02:14:09+08:00 ] ::1 /ThinkCMFX/index.php?g=user&m=index&a=is_login
INFO: [ app_begin ] --START--
INFO: Run Behavior\ReadHtmlCacheBehavior [ RunTime:0.003349s ]
INFO: Run Behavior\CheckLangBehavior [ RunTime:0.001494s ]
INFO: [ app_begin ] --END-- [ RunTime:0.006735s ]
NOTIC: [8] Undefined index: url /Applications/MAMP/htdocs/ThinkCMFX/application/Common/Controller/AppframeController.class.php 第 24 行.

[ 2016-11-13T02:24:07+08:00 ] ::1 /ThinkCMFX/index.php?g=user&m=index&a=is_login
INFO: [ app_begin ] --START--
INFO: Run Behavior\ReadHtmlCacheBehavior [ RunTime:0.000934s ]
INFO: Run Behavior\CheckLangBehavior [ RunTime:0.000931s ]
INFO: [ app_begin ] --END-- [ RunTime:0.002740s ]
NOTIC: [8] Undefined index: url /Applications/MAMP/htdocs/ThinkCMFX/application/Common/Controller/AppframeController.class.php 第 24 行.

[ 2016-11-13T02:26:55+08:00 ] ::1 /ThinkCMFX/index.php?g=user&m=index&a=is_login
INFO: [ app_begin ] --START--
INFO: Run Behavior\ReadHtmlCacheBehavior [ RunTime:0.001109s ]
INFO: Run Behavior\CheckLangBehavior [ RunTime:0.001148s ]
INFO: [ app_begin ] --END-- [ RunTime:0.003210s ]
NOTIC: [8] Undefined index: url /Applications/MAMP/htdocs/ThinkCMFX/application/Common/Controller/AppframeController.class.php 第 24 行.

[ 2016-11-13T02:48:35+08:00 ] ::1 /ThinkCMFX/index.php?g=user&m=index&a=is_login
INFO: [ app_begin ] --START--
INFO: Run Behavior\ReadHtmlCacheBehavior [ RunTime:0.000989s ]
INFO: Run Behavior\CheckLangBehavior [ RunTime:0.000988s ]
INFO: [ app_begin ] --END-- [ RunTime:0.002930s ]
NOTIC: [8] Undefined index: url /Applications/MAMP/htdocs/ThinkCMFX/application/Common/Controller/AppframeController.class.php 第 24 行.

[ 2016-11-13T02:48:38+08:00 ] ::1 /ThinkCMFX/index.php?g=user&m=index&a=is_login
INFO: [ app_begin ] --START--
INFO: Run Behavior\ReadHtmlCacheBehavior [ RunTime:0.001086s ]
INFO: Run Behavior\CheckLangBehavior [ RunTime:0.001161s ]
INFO: [ app_begin ] --END-- [ RunTime:0.004278s ]
NOTIC: [8] Undefined index: url /Applications/MAMP/htdocs/ThinkCMFX/application/Common/Controller/AppframeController.class.php 第 24 行.

[ 2016-11-13T02:48:44+08:00 ] ::1 /ThinkCMFX/index.php?g=user&m=index&a=is_login
INFO: [ app_begin ] --START--
INFO: Run Behavior\ReadHtmlCacheBehavior [ RunTime:0.000971s ]
INFO: Run Behavior\CheckLangBehavior [ RunTime:0.000966s ]
INFO: [ app_begin ] --END-- [ RunTime:0.002723s ]
NOTIC: [8] Undefined index: url /Applications/MAMP/htdocs/ThinkCMFX/application/Common/Controller/AppframeController.class.php 第 24 行.

[ 2016-11-13T02:48:46+08:00 ] ::1 /ThinkCMFX/index.php?g=user&m=index&a=is_login
INFO: [ app_begin ] --START--
INFO: Run Behavior\ReadHtmlCacheBehavior [ RunTime:0.001154s ]
INFO: Run Behavior\CheckLangBehavior [ RunTime:0.001089s ]
INFO: [ app_begin ] --END-- [ RunTime:0.004086s ]
NOTIC: [8] Undefined index: url /Applications/MAMP/htdocs/ThinkCMFX/application/Common/Controller/AppframeController.class.php 第 24 行.

[ 2016-11-13T02:49:07+08:00 ] ::1 /ThinkCMFX/index.php?g=user&m=index&a=is_login
INFO: [ app_begin ] --START--
INFO: Run Behavior\ReadHtmlCacheBehavior [ RunTime:0.000966s ]
INFO: Run Behavior\CheckLangBehavior [ RunTime:0.001007s ]
INFO: [ app_begin ] --END-- [ RunTime:0.002876s ]
NOTIC: [8] Undefined index: url /Applications/MAMP/htdocs/ThinkCMFX/application/Common/Controller/AppframeController.class.php 第 24 行.

[ 2016-11-13T02:49:10+08:00 ] ::1 /ThinkCMFX/index.php?g=user&m=index&a=is_login
INFO: [ app_begin ] --START--
INFO: Run Behavior\ReadHtmlCacheBehavior [ RunTime:0.000984s ]
INFO: Run Behavior\CheckLangBehavior [ RunTime:0.000967s ]
INFO: [ app_begin ] --END-- [ RunTime:0.002785s ]
NOTIC: [8] Undefined index: url /Applications/MAMP/htdocs/ThinkCMFX/application/Common/Controller/AppframeController.class.php 第 24 行.

[ 2016-11-13T02:49:15+08:00 ] ::1 /ThinkCMFX/index.php?g=user&m=index&a=is_login
INFO: [ app_begin ] --START--
INFO: Run Behavior\ReadHtmlCacheBehavior [ RunTime:0.001117s ]
INFO: Run Behavior\CheckLangBehavior [ RunTime:0.001416s ]
INFO: [ app_begin ] --END-- [ RunTime:0.003410s ]
NOTIC: [8] Undefined index: url /Applications/MAMP/htdocs/ThinkCMFX/application/Common/Controller/AppframeController.class.php 第 24 行.

[ 2016-11-13T02:49:19+08:00 ] ::1 /ThinkCMFX/index.php?g=user&m=index&a=is_login
INFO: [ app_begin ] --START--
INFO: Run Behavior\ReadHtmlCacheBehavior [ RunTime:0.000864s ]
INFO: Run Behavior\CheckLangBehavior [ RunTime:0.000877s ]
INFO: [ app_begin ] --END-- [ RunTime:0.002460s ]
NOTIC: [8] Undefined index: url /Applications/MAMP/htdocs/ThinkCMFX/application/Common/Controller/AppframeController.class.php 第 24 行.

[ 2016-11-13T02:49:22+08:00 ] ::1 /ThinkCMFX/index.php?g=user&m=index&a=is_login
INFO: [ app_begin ] --START--
INFO: Run Behavior\ReadHtmlCacheBehavior [ RunTime:0.001239s ]
INFO: Run Behavior\CheckLangBehavior [ RunTime:0.001030s ]
INFO: [ app_begin ] --END-- [ RunTime:0.003293s ]
NOTIC: [8] Undefined index: url /Applications/MAMP/htdocs/ThinkCMFX/application/Common/Controller/AppframeController.class.php 第 24 行.

[ 2016-11-13T02:49:25+08:00 ] ::1 /ThinkCMFX/index.php?g=user&m=index&a=is_login
INFO: [ app_begin ] --START--
INFO: Run Behavior\ReadHtmlCacheBehavior [ RunTime:0.001005s ]
INFO: Run Behavior\CheckLangBehavior [ RunTime:0.000993s ]
INFO: [ app_begin ] --END-- [ RunTime:0.002907s ]
NOTIC: [8] Undefined index: url /Applications/MAMP/htdocs/ThinkCMFX/application/Common/Controller/AppframeController.class.php 第 24 行.

[ 2016-11-13T02:49:29+08:00 ] ::1 /ThinkCMFX/index.php?g=user&m=index&a=is_login
INFO: [ app_begin ] --START--
INFO: Run Behavior\ReadHtmlCacheBehavior [ RunTime:0.002080s ]
INFO: Run Behavior\CheckLangBehavior [ RunTime:0.001479s ]
INFO: [ app_begin ] --END-- [ RunTime:0.004912s ]
NOTIC: [8] Undefined index: url /Applications/MAMP/htdocs/ThinkCMFX/application/Common/Controller/AppframeController.class.php 第 24 行.

[ 2016-11-13T02:49:36+08:00 ] ::1 /ThinkCMFX/index.php?g=user&m=index&a=is_login
INFO: [ app_begin ] --START--
INFO: Run Behavior\ReadHtmlCacheBehavior [ RunTime:0.000937s ]
INFO: Run Behavior\CheckLangBehavior [ RunTime:0.003330s ]
INFO: [ app_begin ] --END-- [ RunTime:0.005156s ]
NOTIC: [8] Undefined index: url /Applications/MAMP/htdocs/ThinkCMFX/application/Common/Controller/AppframeController.class.php 第 24 行.

[ 2016-11-13T02:51:02+08:00 ] ::1 /ThinkCMFX/index.php?g=user&m=index&a=is_login
INFO: [ app_begin ] --START--
INFO: Run Behavior\ReadHtmlCacheBehavior [ RunTime:0.000941s ]
INFO: Run Behavior\CheckLangBehavior [ RunTime:0.001091s ]
INFO: [ app_begin ] --END-- [ RunTime:0.002845s ]
NOTIC: [8] Undefined index: url /Applications/MAMP/htdocs/ThinkCMFX/application/Common/Controller/AppframeController.class.php 第 24 行.

[ 2016-11-13T03:08:18+08:00 ] ::1 /ThinkCMFX/index.php?g=user&m=index&a=is_login
INFO: [ app_begin ] --START--
INFO: Run Behavior\ReadHtmlCacheBehavior [ RunTime:0.001128s ]
INFO: Run Behavior\CheckLangBehavior [ RunTime:0.001146s ]
INFO: [ app_begin ] --END-- [ RunTime:0.003189s ]
NOTIC: [8] Undefined index: url /Applications/MAMP/htdocs/ThinkCMFX/application/Common/Controller/AppframeController.class.php 第 24 行.

[ 2016-11-13T03:10:09+08:00 ] ::1 /ThinkCMFX/index.php?g=user&m=index&a=is_login
INFO: [ app_begin ] --START--
INFO: Run Behavior\ReadHtmlCacheBehavior [ RunTime:0.001301s ]
INFO: Run Behavior\CheckLangBehavior [ RunTime:0.001083s ]
INFO: [ app_begin ] --END-- [ RunTime:0.003396s ]
NOTIC: [8] Undefined index: url /Applications/MAMP/htdocs/ThinkCMFX/application/Common/Controller/AppframeController.class.php 第 24 行.

[ 2016-11-13T03:10:41+08:00 ] ::1 /ThinkCMFX/index.php?g=user&m=index&a=is_login
INFO: [ app_begin ] --START--
INFO: Run Behavior\ReadHtmlCacheBehavior [ RunTime:0.000902s ]
INFO: Run Behavior\CheckLangBehavior [ RunTime:0.000902s ]
INFO: [ app_begin ] --END-- [ RunTime:0.002513s ]
NOTIC: [8] Undefined index: url /Applications/MAMP/htdocs/ThinkCMFX/application/Common/Controller/AppframeController.class.php 第 24 行.

[ 2016-11-13T03:17:22+08:00 ] ::1 /ThinkCMFX/index.php?g=user&m=index&a=is_login
INFO: [ app_begin ] --START--
INFO: Run Behavior\ReadHtmlCacheBehavior [ RunTime:0.000916s ]
INFO: Run Behavior\CheckLangBehavior [ RunTime:0.000875s ]
INFO: [ app_begin ] --END-- [ RunTime:0.002603s ]
NOTIC: [8] Undefined index: url /Applications/MAMP/htdocs/ThinkCMFX/application/Common/Controller/AppframeController.class.php 第 24 行.

[ 2016-11-13T03:17:22+08:00 ] ::1 /ThinkCMFX/index.php?g=user&m=index&a=is_login
INFO: [ app_begin ] --START--
INFO: Run Behavior\ReadHtmlCacheBehavior [ RunTime:0.001066s ]
INFO: Run Behavior\CheckLangBehavior [ RunTime:0.000998s ]
INFO: [ app_begin ] --END-- [ RunTime:0.002851s ]
NOTIC: [8] Undefined index: url /Applications/MAMP/htdocs/ThinkCMFX/application/Common/Controller/AppframeController.class.php 第 24 行.

[ 2016-11-13T03:18:00+08:00 ] ::1 /ThinkCMFX/index.php?g=user&m=index&a=is_login
INFO: [ app_begin ] --START--
INFO: Run Behavior\ReadHtmlCacheBehavior [ RunTime:0.000966s ]
INFO: Run Behavior\CheckLangBehavior [ RunTime:0.000810s ]
INFO: [ app_begin ] --END-- [ RunTime:0.002460s ]
NOTIC: [8] Undefined index: url /Applications/MAMP/htdocs/ThinkCMFX/application/Common/Controller/AppframeController.class.php 第 24 行.

[ 2016-11-13T03:18:00+08:00 ] ::1 /ThinkCMFX/index.php?g=user&m=index&a=is_login
INFO: [ app_begin ] --START--
INFO: Run Behavior\ReadHtmlCacheBehavior [ RunTime:0.001078s ]
INFO: Run Behavior\CheckLangBehavior [ RunTime:0.000935s ]
INFO: [ app_begin ] --END-- [ RunTime:0.002771s ]
NOTIC: [8] Undefined index: url /Applications/MAMP/htdocs/ThinkCMFX/application/Common/Controller/AppframeController.class.php 第 24 行.

[ 2016-11-13T03:18:30+08:00 ] ::1 /ThinkCMFX/index.php?g=user&m=index&a=is_login
INFO: [ app_begin ] --START--
INFO: Run Behavior\ReadHtmlCacheBehavior [ RunTime:0.001061s ]
INFO: Run Behavior\CheckLangBehavior [ RunTime:0.001305s ]
INFO: [ app_begin ] --END-- [ RunTime:0.003262s ]
NOTIC: [8] Undefined index: url /Applications/MAMP/htdocs/ThinkCMFX/application/Common/Controller/AppframeController.class.php 第 24 行.

[ 2016-11-13T03:19:33+08:00 ] ::1 /ThinkCMFX/index.php?g=user&m=index&a=is_login
INFO: [ app_begin ] --START--
INFO: Run Behavior\ReadHtmlCacheBehavior [ RunTime:0.000932s ]
INFO: Run Behavior\CheckLangBehavior [ RunTime:0.000885s ]
INFO: [ app_begin ] --END-- [ RunTime:0.002539s ]
NOTIC: [8] Undefined index: url /Applications/MAMP/htdocs/ThinkCMFX/application/Common/Controller/AppframeController.class.php 第 24 行.

[ 2016-11-13T03:19:59+08:00 ] ::1 /ThinkCMFX/index.php?g=user&m=index&a=is_login
INFO: [ app_begin ] --START--
INFO: Run Behavior\ReadHtmlCacheBehavior [ RunTime:0.001016s ]
INFO: Run Behavior\CheckLangBehavior [ RunTime:0.000849s ]
INFO: [ app_begin ] --END-- [ RunTime:0.002695s ]
NOTIC: [8] Undefined index: url /Applications/MAMP/htdocs/ThinkCMFX/application/Common/Controller/AppframeController.class.php 第 24 行.

[ 2016-11-13T03:20:32+08:00 ] ::1 /ThinkCMFX/index.php?g=user&m=index&a=is_login
INFO: [ app_begin ] --START--
INFO: Run Behavior\ReadHtmlCacheBehavior [ RunTime:0.001046s ]
INFO: Run Behavior\CheckLangBehavior [ RunTime:0.001274s ]
INFO: [ app_begin ] --END-- [ RunTime:0.003083s ]
NOTIC: [8] Undefined index: url /Applications/MAMP/htdocs/ThinkCMFX/application/Common/Controller/AppframeController.class.php 第 24 行.

[ 2016-11-13T03:22:35+08:00 ] ::1 /ThinkCMFX/index.php?g=user&m=index&a=is_login
INFO: [ app_begin ] --START--
INFO: Run Behavior\ReadHtmlCacheBehavior [ RunTime:0.001609s ]
INFO: Run Behavior\CheckLangBehavior [ RunTime:0.001191s ]
INFO: [ app_begin ] --END-- [ RunTime:0.003766s ]
NOTIC: [8] Undefined index: url /Applications/MAMP/htdocs/ThinkCMFX/application/Common/Controller/AppframeController.class.php 第 24 行.

[ 2016-11-13T03:23:18+08:00 ] ::1 /ThinkCMFX/index.php?g=user&m=index&a=is_login
INFO: [ app_begin ] --START--
INFO: Run Behavior\ReadHtmlCacheBehavior [ RunTime:0.002081s ]
INFO: Run Behavior\CheckLangBehavior [ RunTime:0.002312s ]
INFO: [ app_begin ] --END-- [ RunTime:0.006028s ]
NOTIC: [8] Undefined index: url /Applications/MAMP/htdocs/ThinkCMFX/application/Common/Controller/AppframeController.class.php 第 24 行.

[ 2016-11-13T03:24:05+08:00 ] ::1 /ThinkCMFX/index.php?g=user&m=index&a=is_login
INFO: [ app_begin ] --START--
INFO: Run Behavior\ReadHtmlCacheBehavior [ RunTime:0.001006s ]
INFO: Run Behavior\CheckLangBehavior [ RunTime:0.001596s ]
INFO: [ app_begin ] --END-- [ RunTime:0.003531s ]
NOTIC: [8] Undefined index: url /Applications/MAMP/htdocs/ThinkCMFX/application/Common/Controller/AppframeController.class.php 第 24 行.

[ 2016-11-13T03:24:37+08:00 ] ::1 /ThinkCMFX/index.php?g=user&m=index&a=is_login
INFO: [ app_begin ] --START--
INFO: Run Behavior\ReadHtmlCacheBehavior [ RunTime:0.000872s ]
INFO: Run Behavior\CheckLangBehavior [ RunTime:0.001021s ]
INFO: [ app_begin ] --END-- [ RunTime:0.002612s ]
NOTIC: [8] Undefined index: url /Applications/MAMP/htdocs/ThinkCMFX/application/Common/Controller/AppframeController.class.php 第 24 行.

[ 2016-11-13T03:24:43+08:00 ] ::1 /ThinkCMFX/index.php?g=user&m=index&a=is_login
INFO: [ app_begin ] --START--
INFO: Run Behavior\ReadHtmlCacheBehavior [ RunTime:0.001611s ]
INFO: Run Behavior\CheckLangBehavior [ RunTime:0.001654s ]
INFO: [ app_begin ] --END-- [ RunTime:0.004327s ]
NOTIC: [8] Undefined index: url /Applications/MAMP/htdocs/ThinkCMFX/application/Common/Controller/AppframeController.class.php 第 24 行.

[ 2016-11-13T03:25:02+08:00 ] ::1 /ThinkCMFX/index.php?g=user&m=index&a=is_login
INFO: [ app_begin ] --START--
INFO: Run Behavior\ReadHtmlCacheBehavior [ RunTime:0.001157s ]
INFO: Run Behavior\CheckLangBehavior [ RunTime:0.001208s ]
INFO: [ app_begin ] --END-- [ RunTime:0.003162s ]
NOTIC: [8] Undefined index: url /Applications/MAMP/htdocs/ThinkCMFX/application/Common/Controller/AppframeController.class.php 第 24 行.

[ 2016-11-13T03:25:13+08:00 ] ::1 /ThinkCMFX/index.php?g=user&m=index&a=is_login
INFO: [ app_begin ] --START--
INFO: Run Behavior\ReadHtmlCacheBehavior [ RunTime:0.001129s ]
INFO: Run Behavior\CheckLangBehavior [ RunTime:0.001014s ]
INFO: [ app_begin ] --END-- [ RunTime:0.003031s ]
NOTIC: [8] Undefined index: url /Applications/MAMP/htdocs/ThinkCMFX/application/Common/Controller/AppframeController.class.php 第 24 行.

[ 2016-11-13T03:26:09+08:00 ] ::1 /ThinkCMFX/index.php?g=user&m=index&a=is_login
INFO: [ app_begin ] --START--
INFO: Run Behavior\ReadHtmlCacheBehavior [ RunTime:0.001460s ]
INFO: Run Behavior\CheckLangBehavior [ RunTime:0.001270s ]
INFO: [ app_begin ] --END-- [ RunTime:0.003615s ]
NOTIC: [8] Undefined index: url /Applications/MAMP/htdocs/ThinkCMFX/application/Common/Controller/AppframeController.class.php 第 24 行.

[ 2016-11-13T03:26:11+08:00 ] ::1 /ThinkCMFX/index.php?g=user&m=index&a=is_login
INFO: [ app_begin ] --START--
INFO: Run Behavior\ReadHtmlCacheBehavior [ RunTime:0.000988s ]
INFO: Run Behavior\CheckLangBehavior [ RunTime:0.000929s ]
INFO: [ app_begin ] --END-- [ RunTime:0.002911s ]
NOTIC: [8] Undefined index: url /Applications/MAMP/htdocs/ThinkCMFX/application/Common/Controller/AppframeController.class.php 第 24 行.

[ 2016-11-13T03:26:12+08:00 ] ::1 /ThinkCMFX/index.php?g=user&m=index&a=is_login
INFO: [ app_begin ] --START--
INFO: Run Behavior\ReadHtmlCacheBehavior [ RunTime:0.001409s ]
INFO: Run Behavior\CheckLangBehavior [ RunTime:0.001306s ]
INFO: [ app_begin ] --END-- [ RunTime:0.003912s ]
NOTIC: [8] Undefined index: url /Applications/MAMP/htdocs/ThinkCMFX/application/Common/Controller/AppframeController.class.php 第 24 行.

[ 2016-11-13T03:26:24+08:00 ] ::1 /ThinkCMFX/index.php?g=user&m=index&a=is_login
INFO: [ app_begin ] --START--
INFO: Run Behavior\ReadHtmlCacheBehavior [ RunTime:0.001146s ]
INFO: Run Behavior\CheckLangBehavior [ RunTime:0.001025s ]
INFO: [ app_begin ] --END-- [ RunTime:0.004257s ]
NOTIC: [8] Undefined index: url /Applications/MAMP/htdocs/ThinkCMFX/application/Common/Controller/AppframeController.class.php 第 24 行.

[ 2016-11-13T03:28:41+08:00 ] ::1 /ThinkCMFX/index.php?g=user&m=index&a=is_login
INFO: [ app_begin ] --START--
INFO: Run Behavior\ReadHtmlCacheBehavior [ RunTime:0.001009s ]
INFO: Run Behavior\CheckLangBehavior [ RunTime:0.001060s ]
INFO: [ app_begin ] --END-- [ RunTime:0.002902s ]
NOTIC: [8] Undefined index: url /Applications/MAMP/htdocs/ThinkCMFX/application/Common/Controller/AppframeController.class.php 第 24 行.

[ 2016-11-13T03:28:44+08:00 ] ::1 /ThinkCMFX/index.php?g=user&m=index&a=is_login
INFO: [ app_begin ] --START--
INFO: Run Behavior\ReadHtmlCacheBehavior [ RunTime:0.000848s ]
INFO: Run Behavior\CheckLangBehavior [ RunTime:0.000824s ]
INFO: [ app_begin ] --END-- [ RunTime:0.002359s ]
NOTIC: [8] Undefined index: url /Applications/MAMP/htdocs/ThinkCMFX/application/Common/Controller/AppframeController.class.php 第 24 行.

[ 2016-11-13T03:28:47+08:00 ] ::1 /ThinkCMFX/index.php?g=user&m=index&a=is_login
INFO: [ app_begin ] --START--
INFO: Run Behavior\ReadHtmlCacheBehavior [ RunTime:0.001011s ]
INFO: Run Behavior\CheckLangBehavior [ RunTime:0.000915s ]
INFO: [ app_begin ] --END-- [ RunTime:0.002827s ]
NOTIC: [8] Undefined index: url /Applications/MAMP/htdocs/ThinkCMFX/application/Common/Controller/AppframeController.class.php 第 24 行.

[ 2016-11-13T03:28:49+08:00 ] ::1 /ThinkCMFX/index.php?g=user&m=index&a=is_login
INFO: [ app_begin ] --START--
INFO: Run Behavior\ReadHtmlCacheBehavior [ RunTime:0.000971s ]
INFO: Run Behavior\CheckLangBehavior [ RunTime:0.000910s ]
INFO: [ app_begin ] --END-- [ RunTime:0.002735s ]
NOTIC: [8] Undefined index: url /Applications/MAMP/htdocs/ThinkCMFX/application/Common/Controller/AppframeController.class.php 第 24 行.

[ 2016-11-13T03:28:50+08:00 ] ::1 /ThinkCMFX/index.php?g=user&m=index&a=is_login
INFO: [ app_begin ] --START--
INFO: Run Behavior\ReadHtmlCacheBehavior [ RunTime:0.001027s ]
INFO: Run Behavior\CheckLangBehavior [ RunTime:0.001064s ]
INFO: [ app_begin ] --END-- [ RunTime:0.002957s ]
NOTIC: [8] Undefined index: url /Applications/MAMP/htdocs/ThinkCMFX/application/Common/Controller/AppframeController.class.php 第 24 行.

[ 2016-11-13T03:28:56+08:00 ] ::1 /ThinkCMFX/index.php?g=user&m=index&a=is_login
INFO: [ app_begin ] --START--
INFO: Run Behavior\ReadHtmlCacheBehavior [ RunTime:0.001363s ]
INFO: Run Behavior\CheckLangBehavior [ RunTime:0.001499s ]
INFO: [ app_begin ] --END-- [ RunTime:0.004214s ]
NOTIC: [8] Undefined index: url /Applications/MAMP/htdocs/ThinkCMFX/application/Common/Controller/AppframeController.class.php 第 24 行.

[ 2016-11-13T03:29:05+08:00 ] ::1 /ThinkCMFX/index.php?g=user&m=index&a=is_login
INFO: [ app_begin ] --START--
INFO: Run Behavior\ReadHtmlCacheBehavior [ RunTime:0.000941s ]
INFO: Run Behavior\CheckLangBehavior [ RunTime:0.001218s ]
INFO: [ app_begin ] --END-- [ RunTime:0.002945s ]
NOTIC: [8] Undefined index: url /Applications/MAMP/htdocs/ThinkCMFX/application/Common/Controller/AppframeController.class.php 第 24 行.

