[ 2016-09-02T01:43:13+08:00 ] ::1 /ThinkCMFX/js/jquery-1.8.3.min.js
ERR: 无法加载控制器:Js

[ 2016-09-02T01:43:13+08:00 ] ::1 /ThinkCMFX/js/koala.min.1.5.js
ERR: 无法加载控制器:Js

[ 2016-09-02T01:43:16+08:00 ] ::1 /ThinkCMFX/js/jquery-1.8.3.min.js
ERR: 无法加载控制器:Js

[ 2016-09-02T01:43:16+08:00 ] ::1 /ThinkCMFX/js/koala.min.1.5.js
ERR: 无法加载控制器:Js

[ 2016-09-02T01:44:10+08:00 ] ::1 /ThinkCMFX/js/koala.min.1.5.js
ERR: 无法加载控制器:Js

[ 2016-09-02T01:44:10+08:00 ] ::1 /ThinkCMFX/js/jquery-1.8.3.min.js
ERR: 无法加载控制器:Js

[ 2016-09-02T01:44:10+08:00 ] ::1 /ThinkCMFX/js/koala.min.1.5.js
ERR: 无法加载控制器:Js

[ 2016-09-02T01:45:25+08:00 ] ::1 /ThinkCMFX/js/jquery-1.8.3.min.js
ERR: 无法加载控制器:Js

[ 2016-09-02T01:45:25+08:00 ] ::1 /ThinkCMFX/js/koala.min.1.5.js
ERR: 无法加载控制器:Js

[ 2016-09-02T02:04:41+08:00 ] ::1 /ThinkCMFX/js/jquery-1.8.3.min.js
ERR: 无法加载控制器:Js

[ 2016-09-02T02:04:41+08:00 ] ::1 /ThinkCMFX/js/koala.min.1.5.js
ERR: 无法加载控制器:Js

[ 2016-09-02T02:05:42+08:00 ] ::1 /ThinkCMFX/js/jquery-1.8.3.min.js
ERR: 无法加载控制器:Js

[ 2016-09-02T02:05:42+08:00 ] ::1 /ThinkCMFX/js/koala.min.1.5.js
ERR: 无法加载控制器:Js

[ 2016-09-02T02:06:56+08:00 ] ::1 /ThinkCMFX/js/jquery-1.8.3.min.js
ERR: 无法加载控制器:Js

[ 2016-09-02T02:06:56+08:00 ] ::1 /ThinkCMFX/js/koala.min.1.5.js
ERR: 无法加载控制器:Js

[ 2016-09-02T02:11:58+08:00 ] ::1 /ThinkCMFX/js/koala.min.1.5.js
ERR: 无法加载控制器:Js

[ 2016-09-02T02:11:58+08:00 ] ::1 /ThinkCMFX/js/jquery-1.8.3.min.js
ERR: 无法加载控制器:Js

[ 2016-09-02T02:11:58+08:00 ] ::1 /ThinkCMFX/js/koala.min.1.5.js
ERR: 无法加载控制器:Js

[ 2016-09-02T02:12:06+08:00 ] ::1 /ThinkCMFX/js/koala.min.1.5.js
ERR: 无法加载控制器:Js

[ 2016-09-02T02:12:06+08:00 ] ::1 /ThinkCMFX/js/jquery-1.8.3.min.js
ERR: 无法加载控制器:Js

[ 2016-09-02T02:12:06+08:00 ] ::1 /ThinkCMFX/js/koala.min.1.5.js
ERR: 无法加载控制器:Js

[ 2016-09-02T02:12:07+08:00 ] ::1 /ThinkCMFX/js/jquery-1.8.3.min.js
ERR: 无法加载控制器:Js

[ 2016-09-02T02:12:07+08:00 ] ::1 /ThinkCMFX/js/koala.min.1.5.js
ERR: 无法加载控制器:Js

[ 2016-09-02T02:12:20+08:00 ] ::1 /ThinkCMFX/js/jquery-1.8.3.min.js
ERR: 无法加载控制器:Js

[ 2016-09-02T02:12:20+08:00 ] ::1 /ThinkCMFX/js/koala.min.1.5.js
ERR: 无法加载控制器:Js

[ 2016-09-02T02:12:37+08:00 ] ::1 /ThinkCMFX/js/jquery-1.8.3.min.js
ERR: 无法加载控制器:Js

[ 2016-09-02T02:12:37+08:00 ] ::1 /ThinkCMFX/js/koala.min.1.5.js
ERR: 无法加载控制器:Js

[ 2016-09-02T02:12:42+08:00 ] ::1 /ThinkCMFX/js/koala.min.1.5.js
ERR: 无法加载控制器:Js

[ 2016-09-02T02:12:42+08:00 ] ::1 /ThinkCMFX/js/jquery-1.8.3.min.js
ERR: 无法加载控制器:Js

[ 2016-09-02T02:12:42+08:00 ] ::1 /ThinkCMFX/js/koala.min.1.5.js
ERR: 无法加载控制器:Js

[ 2016-09-02T02:13:52+08:00 ] ::1 /ThinkCMFX/js/jquery-1.8.3.min.js
ERR: 无法加载控制器:Js

[ 2016-09-02T02:13:52+08:00 ] ::1 /ThinkCMFX/js/koala.min.1.5.js
ERR: 无法加载控制器:Js

[ 2016-09-02T02:14:35+08:00 ] ::1 /ThinkCMFX/index.php?g=Portal&m=AdminPost&a=index&menuid=7
NOTIC: D方法实例化没找到模型类Portal\Model\PostsModel

[ 2016-09-02T02:14:42+08:00 ] ::1 /ThinkCMFX/index.php?g=&m=AdminPost&a=index
NOTIC: D方法实例化没找到模型类Portal\Model\PostsModel

[ 2016-09-02T02:14:44+08:00 ] ::1 /ThinkCMFX/index.php?g=&m=AdminPost&a=add&term=9
NOTIC: D方法实例化没找到模型类Portal\Model\PostsModel

[ 2016-09-02T02:15:07+08:00 ] ::1 /ThinkCMFX/index.php?g=&m=AdminPost&a=add_post
INFO: [ app_begin ] --START--
INFO: Run Behavior\ReadHtmlCacheBehavior [ RunTime:0.000497s ]
INFO: Run Behavior\CheckLangBehavior [ RunTime:0.000621s ]
INFO: [ app_begin ] --END-- [ RunTime:0.001510s ]
SQL: SHOW COLUMNS FROM `cmf_users` [ RunTime:0.0043s ]
SQL: SELECT * FROM `cmf_users` WHERE ( id=1 ) LIMIT 1   [ RunTime:0.0005s ]
NOTIC: D方法实例化没找到模型类Portal\Model\PostsModel
SQL: SHOW COLUMNS FROM `cmf_posts` [ RunTime:0.0035s ]
SQL: SHOW COLUMNS FROM `cmf_terms` [ RunTime:0.0015s ]
SQL: SHOW COLUMNS FROM `cmf_term_relationships` [ RunTime:0.0012s ]
NOTIC: [8] Undefined index: post_content /Applications/MAMP/htdocs/ThinkCMFX/application/Portal/Controller/AdminPostController.class.php 第 56 行.
SQL: INSERT INTO `cmf_posts` (`post_title`,`post_keywords`,`post_source`,`post_excerpt`,`post_modified`,`post_status`,`istop`,`recommended`,`post_date`,`post_author`,`smeta`,`post_content`) VALUES ('前沿动态1','','','前沿动态','2016-09-02 02:14:44','1','0','0','2016-09-02 02:15:07','1','{\"thumb\":\"\"}','') [ RunTime:0.0066s ]
SQL: INSERT INTO `cmf_term_relationships` (`term_id`,`object_id`) VALUES ('9','5') [ RunTime:0.0003s ]

[ 2016-09-02T02:15:09+08:00 ] ::1 /ThinkCMFX/index.php?g=&m=AdminPost&a=index
NOTIC: D方法实例化没找到模型类Portal\Model\PostsModel

[ 2016-09-02T02:15:18+08:00 ] ::1 /thinkcmfx/js/jquery-1.8.3.min.js
ERR: 无法加载控制器:Js

[ 2016-09-02T02:15:18+08:00 ] ::1 /thinkcmfx/js/koala.min.1.5.js
ERR: 无法加载控制器:Js

[ 2016-09-02T02:17:03+08:00 ] ::1 /thinkcmfx/js/jquery-1.8.3.min.js
ERR: 无法加载控制器:Js

[ 2016-09-02T02:17:03+08:00 ] ::1 /thinkcmfx/js/koala.min.1.5.js
ERR: 无法加载控制器:Js

[ 2016-09-02T02:21:57+08:00 ] ::1 /thinkcmfx/public/js/koala.min.1.5.js
ERR: 无法加载控制器:Public

[ 2016-09-02T02:21:57+08:00 ] ::1 /thinkcmfx/public/js/jquery-1.8.3.min.js
ERR: 无法加载控制器:Public

[ 2016-09-02T02:21:57+08:00 ] ::1 /thinkcmfx/public/js/koala.min.1.5.js
ERR: 无法加载控制器:Public

[ 2016-09-02T02:22:09+08:00 ] ::1 /thinkcmfx/js/terminator2.2.min.js
ERR: 无法加载控制器:Js

[ 2016-09-02T02:23:18+08:00 ] ::1 /thinkcmfx/js/terminator2.2.min.js
ERR: 无法加载控制器:Js

[ 2016-09-02T02:24:53+08:00 ] ::1 /thinkcmfx/js/terminator2.2.min.js
ERR: 无法加载控制器:Js

