[ 2016-11-13T14:20:14+08:00 ] ::1 /ThinkCMFX/index.php?g=Portal&m=AdminPost&a=index&menuid=7
NOTIC: D方法实例化没找到模型类Portal\Model\PostsModel

[ 2016-11-13T14:38:06+08:00 ] ::1 /ThinkCMFX/index.php?g=Portal&m=AdminPost&a=index&menuid=7
NOTIC: D方法实例化没找到模型类Portal\Model\PostsModel

[ 2016-11-13T14:43:01+08:00 ] ::1 /ThinkCMFX/index.php?g=&m=AdminTerm&a=add_post
INFO: [ app_begin ] --START--
INFO: Run Behavior\ReadHtmlCacheBehavior [ RunTime:0.001176s ]
INFO: Run Behavior\CheckLangBehavior [ RunTime:0.001204s ]
INFO: [ app_begin ] --END-- [ RunTime:0.003146s ]
SQL: SHOW COLUMNS FROM `cmf_users` [ RunTime:0.0026s ]
SQL: SELECT * FROM `cmf_users` WHERE ( id=1 ) LIMIT 1   [ RunTime:0.0004s ]
SQL: SHOW COLUMNS FROM `cmf_terms` [ RunTime:0.0018s ]
NOTIC: [8] Undefined index: validate /Applications/MAMP/htdocs/ThinkCMFX/simplewind/Core/Library/Think/Model.class.php 第 1185 行.
NOTIC: [8] Undefined index: auto /Applications/MAMP/htdocs/ThinkCMFX/simplewind/Core/Library/Think/Model.class.php 第 1128 行.
SQL: INSERT INTO `cmf_terms` (`parent`,`name`,`description`,`taxonomy`,`seo_title`,`seo_keywords`,`seo_description`,`list_tpl`,`one_tpl`) VALUES ('0','中心概况','','article','','','','list','article') [ RunTime:0.0006s ]
SQL: UPDATE `cmf_terms` SET `path`='0-14' WHERE ( term_id=14 ) [ RunTime:0.0002s ]

[ 2016-11-13T14:43:09+08:00 ] ::1 /ThinkCMFX/index.php?g=Portal&m=AdminPost&a=index&menuid=7
NOTIC: D方法实例化没找到模型类Portal\Model\PostsModel

[ 2016-11-13T14:43:10+08:00 ] ::1 /ThinkCMFX/index.php?g=&m=AdminPost&a=add&term=
NOTIC: D方法实例化没找到模型类Portal\Model\PostsModel

[ 2016-11-13T14:43:51+08:00 ] ::1 /ThinkCMFX/index.php?g=&m=AdminPost&a=add_post
INFO: [ app_begin ] --START--
INFO: Run Behavior\ReadHtmlCacheBehavior [ RunTime:0.000969s ]
INFO: Run Behavior\CheckLangBehavior [ RunTime:0.001224s ]
INFO: [ app_begin ] --END-- [ RunTime:0.002927s ]
SQL: SHOW COLUMNS FROM `cmf_users` [ RunTime:0.0034s ]
SQL: SELECT * FROM `cmf_users` WHERE ( id=1 ) LIMIT 1   [ RunTime:0.0004s ]
NOTIC: D方法实例化没找到模型类Portal\Model\PostsModel
SQL: SHOW COLUMNS FROM `cmf_posts` [ RunTime:0.0021s ]
SQL: SHOW COLUMNS FROM `cmf_terms` [ RunTime:0.0034s ]
SQL: SHOW COLUMNS FROM `cmf_term_relationships` [ RunTime:0.0014s ]
SQL: INSERT INTO `cmf_posts` (`post_title`,`post_keywords`,`post_source`,`post_excerpt`,`post_modified`,`post_status`,`istop`,`recommended`,`post_content`,`post_date`,`post_author`,`smeta`) VALUES ('中心概况','','','人口与健康科学数据共享平台（以下简称“人口健康平台”）工程技术中心，是国家科技基础条件平台——人口健康平台的技术支撑单位，主要承担人口健康平台的架构设计、技术研发、标准制定、应用服务等任务，保障人口健康平台的安全稳定运行。工程技术中心挂靠在中国医学科学院医学信息研究所，在人口健康平台管理中心领导下开展工作。','2016-11-13 14:43:10','1','0','0','<p style=\"margin-top: 0px; margin-bottom: 30px; padding: 0px; font-family: 微软雅黑, 宋体; color: rgb(60, 60, 60); line-height: 32px; text-indent: 2em; white-space: normal; background-color: rgb(255, 255, 255);\">人口与健康科学数据共享平台（以下简称“人口健康平台”）工程技术中心，是国家科技基础条件平台——人口健康平台的技术支撑单位，主要承担人口健康平台的架构设计、技术研发、标准制定、应用服务等任务，保障人口健康平台的安全稳定运行。工程技术中心挂靠在中国医学科学院医学信息研究所，在人口健康平台管理中心领导下开展工作。</p><p style=\"margin-top: 0px; margin-bottom: 30px; padding: 0px; font-family: 微软雅黑, 宋体; color: rgb(60, 60, 60); line-height: 32px; text-indent: 2em; white-space: normal; background-color: rgb(255, 255, 255);\">中国医学科学院医学信息研究所将紧密围绕国家科技创新和医药卫生事业发展需要，做好顶层架构设计、先进技术研发、统一标准制定、资源整合与共享服务等工作，建成具有世界一流水准的国家级公益性、开放性的人口与健康科学数据共享平台，为政府决策、医药卫生、公众健康、人才培养、科技创新和产业发展提供权威、开放、便捷的数据资源和信息共享服务。</p><p><br/></p>','2016-11-13 14:43:51','1','{\"thumb\":\"\"}') [ RunTime:0.0007s ]
SQL: INSERT INTO `cmf_term_relationships` (`term_id`,`object_id`) VALUES ('14','20') [ RunTime:0.0005s ]

[ 2016-11-13T14:43:54+08:00 ] ::1 /ThinkCMFX/index.php?g=&m=AdminPost&a=index
NOTIC: D方法实例化没找到模型类Portal\Model\PostsModel

[ 2016-11-13T14:56:24+08:00 ] ::1 /ThinkCMFX/index.php?g=Portal&m=AdminPost&a=index&menuid=7
NOTIC: D方法实例化没找到模型类Portal\Model\PostsModel

[ 2016-11-13T14:56:25+08:00 ] ::1 /ThinkCMFX/index.php?g=&m=AdminPost&a=add&term=
NOTIC: D方法实例化没找到模型类Portal\Model\PostsModel

[ 2016-11-13T14:56:51+08:00 ] ::1 /ThinkCMFX/index.php?g=&m=AdminPost&a=add_post
INFO: [ app_begin ] --START--
INFO: Run Behavior\ReadHtmlCacheBehavior [ RunTime:0.000927s ]
INFO: Run Behavior\CheckLangBehavior [ RunTime:0.001171s ]
INFO: [ app_begin ] --END-- [ RunTime:0.002751s ]
SQL: SHOW COLUMNS FROM `cmf_users` [ RunTime:0.0035s ]
SQL: SELECT * FROM `cmf_users` WHERE ( id=1 ) LIMIT 1   [ RunTime:0.0004s ]
NOTIC: D方法实例化没找到模型类Portal\Model\PostsModel
SQL: SHOW COLUMNS FROM `cmf_posts` [ RunTime:0.0021s ]
SQL: SHOW COLUMNS FROM `cmf_terms` [ RunTime:0.0028s ]
SQL: SHOW COLUMNS FROM `cmf_term_relationships` [ RunTime:0.0013s ]
SQL: INSERT INTO `cmf_posts` (`post_title`,`post_keywords`,`post_source`,`post_excerpt`,`post_modified`,`post_status`,`istop`,`recommended`,`post_content`,`post_date`,`post_author`,`smeta`) VALUES ('通用标准','','','为用户提供国内外权威的、各领域通用的元数据标准介绍，以便用户客观了解相关标准的内容、特点等情况。','2016-11-13 14:56:25','1','0','0','<p style=\"text-indent: 28px; line-height: 150%;\"><span style=\"font-size:16px;line-height:150%;font-family:宋体\">为用户提供国内外权威的、各领域通用的元数据标准介绍，以便用户客观了解相关标准的内容、特点等情况。</span></p>','2016-11-13 14:56:51','1','{\"thumb\":\"\"}') [ RunTime:0.0007s ]
SQL: INSERT INTO `cmf_term_relationships` (`term_id`,`object_id`) VALUES ('10','21') [ RunTime:0.0002s ]

[ 2016-11-13T14:56:53+08:00 ] ::1 /ThinkCMFX/index.php?g=&m=AdminPost&a=add&term=
NOTIC: D方法实例化没找到模型类Portal\Model\PostsModel

[ 2016-11-13T14:57:18+08:00 ] ::1 /ThinkCMFX/index.php?g=&m=AdminPost&a=add_post
INFO: [ app_begin ] --START--
INFO: Run Behavior\ReadHtmlCacheBehavior [ RunTime:0.000896s ]
INFO: Run Behavior\CheckLangBehavior [ RunTime:0.001040s ]
INFO: [ app_begin ] --END-- [ RunTime:0.002734s ]
SQL: SHOW COLUMNS FROM `cmf_users` [ RunTime:0.0028s ]
SQL: SELECT * FROM `cmf_users` WHERE ( id=1 ) LIMIT 1   [ RunTime:0.0005s ]
NOTIC: D方法实例化没找到模型类Portal\Model\PostsModel
SQL: SHOW COLUMNS FROM `cmf_posts` [ RunTime:0.0020s ]
SQL: SHOW COLUMNS FROM `cmf_terms` [ RunTime:0.0019s ]
SQL: SHOW COLUMNS FROM `cmf_term_relationships` [ RunTime:0.0016s ]
SQL: INSERT INTO `cmf_posts` (`post_title`,`post_keywords`,`post_source`,`post_excerpt`,`post_modified`,`post_status`,`istop`,`recommended`,`post_content`,`post_date`,`post_author`,`smeta`) VALUES ('医学标准','','','为用户提供医学领域权威、通用的一系列标准，以便用户了解医学领域的分类、主题词表等标准。','2016-11-13 14:56:53','1','0','0','<p style=\"text-indent:28px;line-height:150%\"><span style=\"font-size:16px;line-height:150%;font-family:宋体\">为用户提供医学领域权威、通用的一系列标准，以便用户了解医学领域的分类、主题词表等标准。</span></p><p><br/></p>','2016-11-13 14:57:18','1','{\"thumb\":\"\"}') [ RunTime:0.0007s ]
SQL: INSERT INTO `cmf_term_relationships` (`term_id`,`object_id`) VALUES ('10','22') [ RunTime:0.0002s ]

[ 2016-11-13T14:57:20+08:00 ] ::1 /ThinkCMFX/index.php?g=&m=AdminPost&a=index
NOTIC: D方法实例化没找到模型类Portal\Model\PostsModel

[ 2016-11-13T14:57:27+08:00 ] ::1 /ThinkCMFX/index.php?g=&m=AdminPost&a=index
NOTIC: D方法实例化没找到模型类Portal\Model\PostsModel

[ 2016-11-13T15:12:15+08:00 ] ::1 /ThinkCMFX/index.php?g=&m=AdminPost&a=index
NOTIC: D方法实例化没找到模型类Portal\Model\PostsModel

[ 2016-11-13T15:12:21+08:00 ] ::1 /ThinkCMFX/index.php?g=&m=AdminPost&a=index
NOTIC: D方法实例化没找到模型类Portal\Model\PostsModel

[ 2016-11-13T15:14:13+08:00 ] ::1 /ThinkCMFX/index.php?g=Portal&m=AdminPost&a=index&menuid=7
NOTIC: D方法实例化没找到模型类Portal\Model\PostsModel

[ 2016-11-13T15:14:41+08:00 ] ::1 /ThinkCMFX/index.php?g=&m=AdminPost&a=add&term=
NOTIC: D方法实例化没找到模型类Portal\Model\PostsModel

[ 2016-11-13T15:15:04+08:00 ] ::1 /ThinkCMFX/index.php?g=&m=AdminPost&a=add_post
INFO: [ app_begin ] --START--
INFO: Run Behavior\ReadHtmlCacheBehavior [ RunTime:0.000925s ]
INFO: Run Behavior\CheckLangBehavior [ RunTime:0.001087s ]
INFO: [ app_begin ] --END-- [ RunTime:0.002720s ]
SQL: SHOW COLUMNS FROM `cmf_users` [ RunTime:0.0037s ]
SQL: SELECT * FROM `cmf_users` WHERE ( id=1 ) LIMIT 1   [ RunTime:0.0004s ]
NOTIC: D方法实例化没找到模型类Portal\Model\PostsModel
SQL: SHOW COLUMNS FROM `cmf_posts` [ RunTime:0.0024s ]
SQL: SHOW COLUMNS FROM `cmf_terms` [ RunTime:0.0028s ]
SQL: SHOW COLUMNS FROM `cmf_term_relationships` [ RunTime:0.0022s ]
SQL: INSERT INTO `cmf_posts` (`post_title`,`post_keywords`,`post_source`,`post_excerpt`,`post_modified`,`post_status`,`istop`,`recommended`,`post_content`,`post_date`,`post_author`,`smeta`) VALUES ('数据分析处理工具','','','为用户提供科学数据的分析、处理工具，以便用户更好的管理、分析数据。','2016-11-13 15:14:41','1','0','0','<p>&nbsp; &nbsp;<span style=\"font-size:16px;font-family:宋体\">为用户提供科学数据的分析、处理工具，以便用户更好的管理、分析数据。</span></p>','2016-11-13 15:15:04','1','{\"thumb\":\"\"}') [ RunTime:0.0007s ]
SQL: INSERT INTO `cmf_term_relationships` (`term_id`,`object_id`) VALUES ('6','23') [ RunTime:0.0002s ]

[ 2016-11-13T15:15:06+08:00 ] ::1 /ThinkCMFX/index.php?g=&m=AdminPost&a=add&term=
NOTIC: D方法实例化没找到模型类Portal\Model\PostsModel

[ 2016-11-13T15:15:08+08:00 ] ::1 /ThinkCMFX/index.php?g=&m=AdminPost&a=index
NOTIC: D方法实例化没找到模型类Portal\Model\PostsModel

[ 2016-11-13T15:18:40+08:00 ] ::1 /ThinkCMFX/index.php?g=&m=AdminPost&a=add&term=
NOTIC: D方法实例化没找到模型类Portal\Model\PostsModel

